[2025-11-09 00:10:38] [INFO] 删除版本: ID=25, admin v1.0.13
[2025-11-09 00:10:49] [INFO] 删除版本: ID=22, admin v1.0.11
[2025-11-09 00:10:59] [INFO] 删除版本: ID=20, admin v1.0.10
[2025-11-09 00:11:03] [INFO] 删除版本: ID=19, admin v1.0.9
[2025-11-09 00:11:07] [INFO] 删除版本: ID=18, admin v1.0.8
[2025-11-09 00:11:12] [INFO] 删除版本: ID=9, api v1.0.3
[2025-11-09 00:11:14] [INFO] 删除版本: ID=15, api v1.0.1
[2025-11-09 00:11:17] [INFO] 删除版本: ID=14, api v1.0.0
[2025-11-09 00:34:48] [INFO] 删除版本: ID=30, admin v1.0.13
[2025-11-09 00:34:56] [INFO] 删除版本: ID=28, admin v1.0.11
[2025-11-09 00:35:07] [INFO] 删除版本: ID=27, admin v1.0.10
[2025-11-09 00:35:10] [INFO] 删除版本: ID=29, admin v1.0.9
[2025-11-09 00:35:16] [INFO] 删除版本: ID=26, admin v1.0.8
[2025-11-09 00:35:19] [INFO] 删除版本: ID=32, api v1.0.0
[2025-11-09 00:35:23] [INFO] 删除版本: ID=31, api v1.0.3
[2025-11-09 00:35:26] [INFO] 删除版本: ID=33, api v1.0.1
[2025-11-09 00:47:51] [INFO] 添加许可证: 422L-75V0-3MU8-NXPB-LNLG-B90E - 客户: z
[2025-11-09 00:50:32] [INFO] 重置许可证绑定ID: 11
[2025-11-09 01:43:02] [INFO] 更新许可证ID: 11
[2025-11-09 02:00:40] [WARNING] 删除许可证ID: 12
[2025-11-09 02:01:06] [WARNING] 删除许可证ID: 11
[2025-11-09 02:01:34] [INFO] 添加许可证: 0V09-8SGC-MKTW-39K7-WGS4-0IMU - 客户: 测试
[2025-11-09 02:14:17] [WARNING] 删除许可证ID: 13
[2025-11-09 02:14:31] [INFO] 添加许可证: IEYS-RS3C-TJYT-A9GN-6MS1-7JZF - 客户: 1
[2025-11-09 02:26:33] [INFO] 添加许可证: J8S2-G7QO-2492-HFLA-ASQ8-UYQ5 - 客户: 1
[2025-11-09 02:31:01] [WARNING] 删除许可证ID: 15
[2025-11-09 11:26:31] [ERROR] 许可证管理异常: SQLSTATE[HY093]: Invalid parameter number
[2025-11-09 11:33:02] [INFO] 版本列表查询: os=linux, arch=amd64, 找到 3 个组件
[2025-11-09 11:38:29] [INFO] 版本列表查询: os=linux, arch=amd64, 找到 3 个组件
[2025-11-09 11:38:48] [INFO] 版本列表查询: os=linux, arch=amd64, 找到 3 个组件
[2025-11-09 11:38:50] [INFO] 版本列表查询: os=linux, arch=amd64, 找到 3 个组件
[2025-11-09 11:39:20] [INFO] 版本列表查询: os=linux, arch=amd64, 找到 3 个组件
[2025-11-09 11:39:23] [INFO] 版本列表查询: os=linux, arch=amd64, 找到 3 个组件
[2025-11-09 11:40:20] [INFO] 版本列表查询: os=linux, arch=amd64, 找到 3 个组件
[2025-11-09 11:40:40] [INFO] 更新版本: ID=43, admin v1.0.17
[2025-11-09 11:41:20] [INFO] 版本列表查询: os=linux, arch=amd64, 找到 3 个组件
[2025-11-09 11:42:20] [INFO] 版本列表查询: os=linux, arch=amd64, 找到 3 个组件
[2025-11-09 11:43:20] [INFO] 版本列表查询: os=linux, arch=amd64, 找到 3 个组件
[2025-11-09 11:44:21] [INFO] 版本列表查询: os=linux, arch=amd64, 找到 3 个组件
[2025-11-09 11:45:35] [INFO] 版本列表查询: os=linux, arch=amd64, 找到 3 个组件
[2025-11-09 11:46:48] [INFO] 版本列表查询: os=linux, arch=amd64, 找到 3 个组件
[2025-11-09 11:47:03] [INFO] 更新版本: ID=43, admin v1.0.17
[2025-11-09 11:47:21] [INFO] 版本列表查询: os=linux, arch=amd64, 找到 3 个组件
[2025-11-09 11:48:35] [INFO] 版本列表查询: os=linux, arch=amd64, 找到 3 个组件
[2025-11-09 11:49:24] [INFO] 版本列表查询: os=linux, arch=amd64, 找到 3 个组件
[2025-11-09 11:50:23] [INFO] 版本列表查询: os=linux, arch=amd64, 找到 3 个组件
[2025-11-09 11:50:42] [INFO] 版本列表查询: os=linux, arch=amd64, 找到 3 个组件
[2025-11-09 11:50:48] [INFO] 版本列表查询: os=linux, arch=amd64, 找到 3 个组件
[2025-11-09 11:51:43] [INFO] 版本列表查询: os=linux, arch=amd64, 找到 3 个组件
[2025-11-09 11:52:43] [INFO] 版本列表查询: os=linux, arch=amd64, 找到 3 个组件
[2025-11-09 11:53:43] [INFO] 版本列表查询: os=linux, arch=amd64, 找到 3 个组件
[2025-11-09 11:54:43] [INFO] 版本列表查询: os=linux, arch=amd64, 找到 3 个组件
[2025-11-09 11:55:44] [INFO] 版本列表查询: os=linux, arch=amd64, 找到 3 个组件
[2025-11-09 11:56:03] [INFO] 版本列表查询: os=linux, arch=amd64, 找到 3 个组件
[2025-11-09 11:56:53] [INFO] 版本列表查询: os=linux, arch=amd64, 找到 3 个组件
[2025-11-09 11:57:03] [INFO] 版本列表查询: os=linux, arch=amd64, 找到 3 个组件
[2025-11-09 11:58:03] [INFO] 版本列表查询: os=linux, arch=amd64, 找到 3 个组件
[2025-11-09 11:59:03] [INFO] 版本列表查询: os=linux, arch=amd64, 找到 3 个组件
[2025-11-09 11:59:40] [INFO] 更新版本: ID=43, admin v1.0.17
[2025-11-09 12:00:03] [INFO] 版本列表查询: os=linux, arch=amd64, 找到 3 个组件
[2025-11-09 12:00:57] [INFO] 版本列表查询: os=linux, arch=amd64, 找到 3 个组件
[2025-11-09 12:01:04] [INFO] 版本列表查询: os=linux, arch=amd64, 找到 3 个组件
[2025-11-09 12:02:35] [INFO] 版本列表查询: os=linux, arch=amd64, 找到 3 个组件
[2025-11-09 12:04:35] [INFO] 版本列表查询: os=linux, arch=amd64, 找到 3 个组件
[2025-11-09 12:04:36] [INFO] 更新版本: ID=43, admin v1.0.17
[2025-11-09 12:05:36] [INFO] 版本列表查询: os=linux, arch=amd64, 找到 3 个组件
[2025-11-09 12:06:03] [INFO] 版本列表查询: os=linux, arch=amd64, 找到 3 个组件
[2025-11-09 12:06:35] [INFO] 版本列表查询: os=linux, arch=amd64, 找到 3 个组件
[2025-11-09 12:07:08] [INFO] 版本列表查询: os=linux, arch=amd64, 找到 3 个组件
[2025-11-09 12:07:35] [INFO] 版本列表查询: os=linux, arch=amd64, 找到 3 个组件
[2025-11-09 12:08:35] [INFO] 版本列表查询: os=linux, arch=amd64, 找到 3 个组件
[2025-11-09 12:08:38] [INFO] 更新版本: ID=43, admin v1.0.17
[2025-11-09 12:09:29] [INFO] 版本列表查询: os=linux, arch=amd64, 找到 3 个组件
[2025-11-09 12:09:37] [INFO] 版本列表查询: os=linux, arch=amd64, 找到 3 个组件
[2025-11-09 12:10:36] [INFO] 版本列表查询: os=linux, arch=amd64, 找到 3 个组件
[2025-11-09 12:11:36] [INFO] 版本列表查询: os=linux, arch=amd64, 找到 3 个组件
[2025-11-09 12:12:28] [INFO] 版本列表查询: os=linux, arch=amd64, 找到 3 个组件
[2025-11-09 12:12:36] [INFO] 版本列表查询: os=linux, arch=amd64, 找到 3 个组件
[2025-11-09 12:12:39] [INFO] 更新版本: ID=43, admin v1.0.17
[2025-11-09 12:13:58] [INFO] 版本列表查询: os=linux, arch=amd64, 找到 3 个组件
[2025-11-09 12:14:36] [INFO] 版本列表查询: os=linux, arch=amd64, 找到 3 个组件
[2025-11-09 12:15:18] [INFO] 版本列表查询: os=linux, arch=amd64, 找到 3 个组件
[2025-11-09 12:15:36] [INFO] 版本列表查询: os=linux, arch=amd64, 找到 3 个组件
[2025-11-09 12:16:35] [INFO] 版本列表查询: os=linux, arch=amd64, 找到 3 个组件
[2025-11-09 12:17:35] [INFO] 版本列表查询: os=linux, arch=amd64, 找到 3 个组件
[2025-11-09 12:17:44] [INFO] 版本列表查询: os=linux, arch=amd64, 找到 3 个组件
[2025-11-09 12:17:45] [INFO] 版本列表查询: os=linux, arch=amd64, 找到 3 个组件
[2025-11-09 12:17:51] [INFO] 版本列表查询: os=linux, arch=amd64, 找到 3 个组件
[2025-11-09 12:18:45] [INFO] 版本列表查询: os=linux, arch=amd64, 找到 3 个组件
[2025-11-09 12:19:45] [INFO] 版本列表查询: os=linux, arch=amd64, 找到 3 个组件
[2025-11-09 12:20:45] [INFO] 版本列表查询: os=linux, arch=amd64, 找到 3 个组件
[2025-11-09 12:21:20] [INFO] 版本列表查询: os=linux, arch=amd64, 找到 3 个组件
[2025-11-09 12:21:38] [INFO] 版本列表查询: os=linux, arch=amd64, 找到 3 个组件
[2025-11-09 12:21:46] [INFO] 版本列表查询: os=linux, arch=amd64, 找到 3 个组件
[2025-11-09 12:22:22] [INFO] 版本列表查询: os=linux, arch=amd64, 找到 3 个组件
[2025-11-09 12:23:22] [INFO] 版本列表查询: os=linux, arch=amd64, 找到 3 个组件
[2025-11-09 12:27:09] [INFO] 版本列表查询: os=linux, arch=amd64, 找到 3 个组件
[2025-11-09 12:28:19] [INFO] 版本列表查询: os=linux, arch=amd64, 找到 3 个组件
[2025-11-09 12:28:49] [INFO] 版本列表查询: os=linux, arch=amd64, 找到 3 个组件
[2025-11-09 12:29:37] [INFO] 版本列表查询: os=linux, arch=amd64, 找到 3 个组件
[2025-11-09 12:30:24] [INFO] 版本列表查询: os=linux, arch=amd64, 找到 3 个组件
[2025-11-09 12:30:37] [INFO] 版本列表查询: os=linux, arch=amd64, 找到 3 个组件
[2025-11-09 12:31:09] [INFO] 版本列表查询: os=linux, arch=amd64, 找到 3 个组件
[2025-11-09 12:31:19] [INFO] 更新版本: ID=43, admin v1.0.17
[2025-11-09 12:31:30] [INFO] 版本列表查询: os=linux, arch=amd64, 找到 3 个组件
[2025-11-09 12:32:09] [INFO] 版本列表查询: os=linux, arch=amd64, 找到 3 个组件
[2025-11-09 12:32:18] [INFO] 版本列表查询: os=linux, arch=amd64, 找到 3 个组件
[2025-11-09 12:38:47] [INFO] 版本列表查询: os=linux, arch=amd64, 找到 3 个组件
[2025-11-09 12:38:48] [INFO] 版本列表查询: os=linux, arch=amd64, 找到 3 个组件
[2025-11-09 12:43:48] [INFO] 版本列表查询: os=linux, arch=amd64, 找到 3 个组件
[2025-11-09 12:44:47] [INFO] 版本列表查询: os=linux, arch=amd64, 找到 3 个组件
[2025-11-09 12:45:25] [INFO] 版本列表查询: os=linux, arch=amd64, 找到 3 个组件
[2025-11-09 12:46:26] [INFO] 版本列表查询: os=linux, arch=amd64, 找到 3 个组件
[2025-11-09 12:47:26] [INFO] 版本列表查询: os=linux, arch=amd64, 找到 3 个组件
[2025-11-09 12:48:26] [INFO] 版本列表查询: os=linux, arch=amd64, 找到 3 个组件
[2025-11-09 12:49:26] [INFO] 版本列表查询: os=linux, arch=amd64, 找到 3 个组件
[2025-11-09 12:50:26] [INFO] 版本列表查询: os=linux, arch=amd64, 找到 3 个组件
[2025-11-09 12:51:26] [INFO] 版本列表查询: os=linux, arch=amd64, 找到 3 个组件
[2025-11-09 12:52:26] [INFO] 版本列表查询: os=linux, arch=amd64, 找到 3 个组件
[2025-11-09 12:53:26] [INFO] 版本列表查询: os=linux, arch=amd64, 找到 3 个组件
[2025-11-09 12:54:26] [INFO] 版本列表查询: os=linux, arch=amd64, 找到 3 个组件
[2025-11-09 12:55:26] [INFO] 版本列表查询: os=linux, arch=amd64, 找到 3 个组件
[2025-11-09 12:56:26] [INFO] 版本列表查询: os=linux, arch=amd64, 找到 3 个组件
[2025-11-09 12:57:26] [INFO] 版本列表查询: os=linux, arch=amd64, 找到 3 个组件
[2025-11-09 12:58:26] [INFO] 版本列表查询: os=linux, arch=amd64, 找到 3 个组件
[2025-11-09 12:59:26] [INFO] 版本列表查询: os=linux, arch=amd64, 找到 3 个组件
[2025-11-09 13:00:26] [INFO] 版本列表查询: os=linux, arch=amd64, 找到 3 个组件
[2025-11-09 13:01:26] [INFO] 版本列表查询: os=linux, arch=amd64, 找到 3 个组件
[2025-11-09 13:02:26] [INFO] 版本列表查询: os=linux, arch=amd64, 找到 3 个组件
[2025-11-09 13:03:26] [INFO] 版本列表查询: os=linux, arch=amd64, 找到 3 个组件
[2025-11-09 13:04:26] [INFO] 版本列表查询: os=linux, arch=amd64, 找到 3 个组件
[2025-11-09 13:05:26] [INFO] 版本列表查询: os=linux, arch=amd64, 找到 3 个组件
[2025-11-09 13:06:26] [INFO] 版本列表查询: os=linux, arch=amd64, 找到 3 个组件
[2025-11-09 13:07:26] [INFO] 版本列表查询: os=linux, arch=amd64, 找到 3 个组件
[2025-11-09 13:07:55] [INFO] 版本列表查询: os=linux, arch=amd64, 找到 3 个组件
[2025-11-09 13:08:26] [INFO] 版本列表查询: os=linux, arch=amd64, 找到 3 个组件
[2025-11-09 13:09:26] [INFO] 版本列表查询: os=linux, arch=amd64, 找到 3 个组件
[2025-11-09 13:10:26] [INFO] 版本列表查询: os=linux, arch=amd64, 找到 3 个组件
[2025-11-09 13:11:26] [INFO] 版本列表查询: os=linux, arch=amd64, 找到 3 个组件
[2025-11-09 13:12:26] [INFO] 版本列表查询: os=linux, arch=amd64, 找到 3 个组件
[2025-11-09 13:13:26] [INFO] 版本列表查询: os=linux, arch=amd64, 找到 3 个组件
[2025-11-09 13:14:26] [INFO] 版本列表查询: os=linux, arch=amd64, 找到 3 个组件
[2025-11-09 13:15:26] [INFO] 版本列表查询: os=linux, arch=amd64, 找到 3 个组件
[2025-11-09 13:16:26] [INFO] 版本列表查询: os=linux, arch=amd64, 找到 3 个组件
[2025-11-09 13:17:26] [INFO] 版本列表查询: os=linux, arch=amd64, 找到 3 个组件
[2025-11-09 13:18:26] [INFO] 版本列表查询: os=linux, arch=amd64, 找到 3 个组件
[2025-11-09 13:19:26] [INFO] 版本列表查询: os=linux, arch=amd64, 找到 3 个组件
[2025-11-09 13:20:26] [INFO] 版本列表查询: os=linux, arch=amd64, 找到 3 个组件
[2025-11-09 13:21:26] [INFO] 版本列表查询: os=linux, arch=amd64, 找到 3 个组件
[2025-11-09 13:22:26] [INFO] 版本列表查询: os=linux, arch=amd64, 找到 3 个组件
[2025-11-09 13:23:03] [INFO] 版本列表查询: os=linux, arch=amd64, 找到 3 个组件
[2025-11-09 13:24:03] [INFO] 版本列表查询: os=linux, arch=amd64, 找到 3 个组件
[2025-11-09 13:25:03] [INFO] 版本列表查询: os=linux, arch=amd64, 找到 3 个组件
[2025-11-09 13:26:03] [INFO] 版本列表查询: os=linux, arch=amd64, 找到 3 个组件
[2025-11-09 13:27:03] [INFO] 版本列表查询: os=linux, arch=amd64, 找到 3 个组件
[2025-11-09 13:28:03] [INFO] 版本列表查询: os=linux, arch=amd64, 找到 3 个组件
[2025-11-09 13:29:03] [INFO] 版本列表查询: os=linux, arch=amd64, 找到 3 个组件
[2025-11-09 13:29:25] [INFO] 版本列表查询: os=linux, arch=amd64, 找到 3 个组件
[2025-11-09 13:30:26] [INFO] 版本列表查询: os=linux, arch=amd64, 找到 3 个组件
[2025-11-09 13:30:54] [INFO] 更新许可证ID: 14
[2025-11-09 13:31:25] [INFO] 版本列表查询: os=linux, arch=amd64, 找到 3 个组件
[2025-11-09 13:31:50] [INFO] 切换许可证状态ID: 14
[2025-11-09 13:32:25] [INFO] 版本列表查询: os=linux, arch=amd64, 找到 3 个组件
[2025-11-09 13:33:25] [INFO] 版本列表查询: os=linux, arch=amd64, 找到 3 个组件
[2025-11-09 13:34:25] [INFO] 版本列表查询: os=linux, arch=amd64, 找到 3 个组件
[2025-11-09 13:35:25] [INFO] 版本列表查询: os=linux, arch=amd64, 找到 3 个组件
[2025-11-09 13:36:25] [INFO] 版本列表查询: os=linux, arch=amd64, 找到 3 个组件
[2025-11-09 13:37:25] [INFO] 版本列表查询: os=linux, arch=amd64, 找到 3 个组件
[2025-11-09 13:38:25] [INFO] 版本列表查询: os=linux, arch=amd64, 找到 3 个组件
[2025-11-09 13:39:25] [INFO] 版本列表查询: os=linux, arch=amd64, 找到 3 个组件
[2025-11-09 13:40:25] [INFO] 版本列表查询: os=linux, arch=amd64, 找到 3 个组件
[2025-11-09 13:41:19] [INFO] 切换许可证状态ID: 14
[2025-11-09 13:41:25] [INFO] 版本列表查询: os=linux, arch=amd64, 找到 3 个组件
[2025-11-09 13:42:25] [INFO] 版本列表查询: os=linux, arch=amd64, 找到 3 个组件
[2025-11-09 13:42:45] [INFO] 版本列表查询: os=linux, arch=amd64, 找到 3 个组件
[2025-11-09 13:43:46] [INFO] 版本列表查询: os=linux, arch=amd64, 找到 3 个组件
[2025-11-09 13:44:45] [INFO] 版本列表查询: os=linux, arch=amd64, 找到 3 个组件
[2025-11-09 13:45:45] [INFO] 版本列表查询: os=linux, arch=amd64, 找到 3 个组件
[2025-11-09 13:46:45] [INFO] 版本列表查询: os=linux, arch=amd64, 找到 3 个组件
[2025-11-09 13:47:45] [INFO] 版本列表查询: os=linux, arch=amd64, 找到 3 个组件
[2025-11-09 13:48:45] [INFO] 版本列表查询: os=linux, arch=amd64, 找到 3 个组件
[2025-11-09 13:49:45] [INFO] 版本列表查询: os=linux, arch=amd64, 找到 3 个组件
[2025-11-09 13:50:35] [INFO] 版本列表查询: os=linux, arch=amd64, 找到 3 个组件
[2025-11-09 13:51:36] [INFO] 版本列表查询: os=linux, arch=amd64, 找到 3 个组件
[2025-11-09 13:52:09] [INFO] 版本列表查询: os=linux, arch=amd64, 找到 3 个组件
[2025-11-09 13:53:13] [INFO] 版本列表查询: os=linux, arch=amd64, 找到 3 个组件
[2025-11-09 13:54:10] [INFO] 版本列表查询: os=linux, arch=amd64, 找到 3 个组件
[2025-11-09 13:55:10] [INFO] 版本列表查询: os=linux, arch=amd64, 找到 3 个组件
[2025-11-09 13:55:49] [INFO] 版本列表查询: os=linux, arch=amd64, 找到 3 个组件
[2025-11-09 13:56:09] [INFO] 版本列表查询: os=linux, arch=amd64, 找到 3 个组件
[2025-11-09 13:56:49] [INFO] 版本列表查询: os=linux, arch=amd64, 找到 3 个组件
[2025-11-09 13:57:09] [INFO] 版本列表查询: os=linux, arch=amd64, 找到 3 个组件
[2025-11-09 13:57:49] [INFO] 版本列表查询: os=linux, arch=amd64, 找到 3 个组件
[2025-11-09 13:58:09] [INFO] 版本列表查询: os=linux, arch=amd64, 找到 3 个组件
[2025-11-09 13:58:49] [INFO] 版本列表查询: os=linux, arch=amd64, 找到 3 个组件
[2025-11-09 13:59:09] [INFO] 版本列表查询: os=linux, arch=amd64, 找到 3 个组件
[2025-11-09 13:59:49] [INFO] 版本列表查询: os=linux, arch=amd64, 找到 3 个组件
[2025-11-09 14:00:10] [INFO] 版本列表查询: os=linux, arch=amd64, 找到 3 个组件
[2025-11-09 14:00:49] [INFO] 版本列表查询: os=linux, arch=amd64, 找到 3 个组件
[2025-11-09 14:01:09] [INFO] 版本列表查询: os=linux, arch=amd64, 找到 3 个组件
[2025-11-09 14:01:49] [INFO] 版本列表查询: os=linux, arch=amd64, 找到 3 个组件
[2025-11-09 14:02:09] [INFO] 版本列表查询: os=linux, arch=amd64, 找到 3 个组件
[2025-11-09 14:02:49] [INFO] 版本列表查询: os=linux, arch=amd64, 找到 3 个组件
[2025-11-09 14:03:10] [INFO] 版本列表查询: os=linux, arch=amd64, 找到 3 个组件
[2025-11-09 14:03:49] [INFO] 版本列表查询: os=linux, arch=amd64, 找到 3 个组件
[2025-11-09 14:04:09] [INFO] 版本列表查询: os=linux, arch=amd64, 找到 3 个组件
[2025-11-09 14:04:49] [INFO] 版本列表查询: os=linux, arch=amd64, 找到 3 个组件
[2025-11-09 14:05:09] [INFO] 版本列表查询: os=linux, arch=amd64, 找到 3 个组件
[2025-11-09 14:05:49] [INFO] 版本列表查询: os=linux, arch=amd64, 找到 3 个组件
[2025-11-09 14:06:09] [INFO] 版本列表查询: os=linux, arch=amd64, 找到 3 个组件
[2025-11-09 14:06:49] [INFO] 版本列表查询: os=linux, arch=amd64, 找到 3 个组件
[2025-11-09 14:07:09] [INFO] 版本列表查询: os=linux, arch=amd64, 找到 3 个组件
[2025-11-09 14:07:49] [INFO] 版本列表查询: os=linux, arch=amd64, 找到 3 个组件
[2025-11-09 14:08:09] [INFO] 版本列表查询: os=linux, arch=amd64, 找到 3 个组件
[2025-11-09 14:08:49] [INFO] 版本列表查询: os=linux, arch=amd64, 找到 3 个组件
[2025-11-09 14:09:09] [INFO] 版本列表查询: os=linux, arch=amd64, 找到 3 个组件
[2025-11-09 14:09:49] [INFO] 版本列表查询: os=linux, arch=amd64, 找到 3 个组件
[2025-11-09 14:10:09] [INFO] 版本列表查询: os=linux, arch=amd64, 找到 3 个组件
[2025-11-09 14:10:50] [INFO] 版本列表查询: os=linux, arch=amd64, 找到 3 个组件
[2025-11-09 14:11:09] [INFO] 版本列表查询: os=linux, arch=amd64, 找到 3 个组件
[2025-11-09 14:12:10] [INFO] 版本列表查询: os=linux, arch=amd64, 找到 3 个组件
[2025-11-09 14:12:36] [INFO] 版本列表查询: os=linux, arch=amd64, 找到 3 个组件
[2025-11-09 14:13:09] [INFO] 版本列表查询: os=linux, arch=amd64, 找到 3 个组件
[2025-11-09 14:13:56] [INFO] 版本列表查询: os=linux, arch=amd64, 找到 3 个组件
[2025-11-09 14:13:57] [INFO] 版本列表查询: os=linux, arch=amd64, 找到 3 个组件
[2025-11-09 14:13:58] [INFO] 版本列表查询: os=linux, arch=amd64, 找到 3 个组件
[2025-11-09 14:14:01] [INFO] 版本列表查询: os=linux, arch=amd64, 找到 3 个组件
[2025-11-09 14:14:09] [INFO] 版本列表查询: os=linux, arch=amd64, 找到 3 个组件
[2025-11-09 14:14:31] [INFO] 版本列表查询: os=linux, arch=amd64, 找到 3 个组件
[2025-11-09 14:14:58] [INFO] 版本列表查询: os=linux, arch=amd64, 找到 3 个组件
[2025-11-09 14:15:09] [INFO] 版本列表查询: os=linux, arch=amd64, 找到 3 个组件
[2025-11-09 14:15:58] [INFO] 版本列表查询: os=linux, arch=amd64, 找到 3 个组件
[2025-11-09 14:16:09] [INFO] 版本列表查询: os=linux, arch=amd64, 找到 3 个组件
[2025-11-09 14:16:44] [INFO] 版本列表查询: os=linux, arch=amd64, 找到 3 个组件
[2025-11-09 14:16:58] [INFO] 版本列表查询: os=linux, arch=amd64, 找到 3 个组件
[2025-11-09 14:17:09] [INFO] 版本列表查询: os=linux, arch=amd64, 找到 3 个组件
[2025-11-09 14:17:32] [INFO] 版本列表查询: os=linux, arch=amd64, 找到 3 个组件
[2025-11-09 14:17:33] [INFO] 版本检查: admin v1.0.17 -> v1.0.17, needUpdate: NO
[2025-11-09 14:17:58] [INFO] 版本列表查询: os=linux, arch=amd64, 找到 3 个组件
[2025-11-09 14:18:09] [INFO] 版本列表查询: os=linux, arch=amd64, 找到 3 个组件
[2025-11-09 14:18:40] [INFO] 版本检查: admin v1.0.17 -> v1.1.0, needUpdate: YES
[2025-11-09 14:18:58] [INFO] 版本列表查询: os=linux, arch=amd64, 找到 3 个组件
[2025-11-09 14:19:09] [INFO] 版本列表查询: os=linux, arch=amd64, 找到 3 个组件
[2025-11-09 14:19:09] [INFO] 版本检查: admin v1.0.17 -> v1.1.0, needUpdate: YES
[2025-11-09 14:19:15] [INFO] 版本列表查询: os=linux, arch=amd64, 找到 3 个组件
[2025-11-09 14:19:20] [INFO] 版本列表查询: os=linux, arch=amd64, 找到 3 个组件
[2025-11-09 14:20:09] [INFO] 版本列表查询: os=linux, arch=amd64, 找到 3 个组件
[2025-11-09 14:20:15] [INFO] 版本列表查询: os=linux, arch=amd64, 找到 3 个组件
[2025-11-09 14:21:08] [INFO] 版本列表查询: os=linux, arch=amd64, 找到 3 个组件
[2025-11-09 14:21:09] [INFO] 版本列表查询: os=linux, arch=amd64, 找到 3 个组件
[2025-11-09 14:22:06] [INFO] 版本列表查询: os=linux, arch=amd64, 找到 3 个组件
[2025-11-09 14:22:09] [INFO] 版本列表查询: os=linux, arch=amd64, 找到 3 个组件
[2025-11-09 14:22:19] [INFO] 版本列表查询: os=linux, arch=amd64, 找到 3 个组件
[2025-11-09 14:23:06] [INFO] 版本列表查询: os=linux, arch=amd64, 找到 3 个组件
[2025-11-09 14:23:09] [INFO] 版本列表查询: os=linux, arch=amd64, 找到 3 个组件
[2025-11-09 14:24:06] [INFO] 版本列表查询: os=linux, arch=amd64, 找到 3 个组件
[2025-11-09 14:24:09] [INFO] 版本列表查询: os=linux, arch=amd64, 找到 3 个组件
[2025-11-09 14:25:06] [INFO] 版本列表查询: os=linux, arch=amd64, 找到 3 个组件
[2025-11-09 14:25:09] [INFO] 版本列表查询: os=linux, arch=amd64, 找到 3 个组件
[2025-11-09 14:25:59] [INFO] 版本列表查询: os=linux, arch=amd64, 找到 3 个组件
[2025-11-09 14:26:06] [INFO] 版本列表查询: os=linux, arch=amd64, 找到 3 个组件
[2025-11-09 14:26:09] [INFO] 版本列表查询: os=linux, arch=amd64, 找到 3 个组件
[2025-11-09 14:26:14] [INFO] 版本列表查询: os=linux, arch=amd64, 找到 3 个组件
[2025-11-09 14:26:27] [INFO] 版本列表查询: os=linux, arch=amd64, 找到 3 个组件
[2025-11-09 14:27:15] [INFO] 版本列表查询: os=linux, arch=amd64, 找到 3 个组件
[2025-11-09 14:27:27] [INFO] 版本列表查询: os=linux, arch=amd64, 找到 3 个组件
[2025-11-09 14:28:15] [INFO] 版本列表查询: os=linux, arch=amd64, 找到 3 个组件
[2025-11-09 14:28:27] [INFO] 版本列表查询: os=linux, arch=amd64, 找到 3 个组件
[2025-11-09 14:29:15] [INFO] 版本列表查询: os=linux, arch=amd64, 找到 3 个组件
[2025-11-09 14:29:27] [INFO] 版本列表查询: os=linux, arch=amd64, 找到 3 个组件
[2025-11-09 14:30:15] [INFO] 版本列表查询: os=linux, arch=amd64, 找到 3 个组件
[2025-11-09 14:30:27] [INFO] 版本列表查询: os=linux, arch=amd64, 找到 3 个组件
[2025-11-09 14:31:15] [INFO] 版本列表查询: os=linux, arch=amd64, 找到 3 个组件
[2025-11-09 14:31:16] [INFO] 版本列表查询: os=linux, arch=amd64, 找到 3 个组件
[2025-11-09 14:32:15] [INFO] 版本列表查询: os=linux, arch=amd64, 找到 3 个组件
[2025-11-09 14:33:15] [INFO] 版本列表查询: os=linux, arch=amd64, 找到 3 个组件
[2025-11-09 14:34:15] [INFO] 版本列表查询: os=linux, arch=amd64, 找到 3 个组件
[2025-11-09 14:35:15] [INFO] 版本列表查询: os=linux, arch=amd64, 找到 3 个组件
[2025-11-09 14:36:15] [INFO] 版本列表查询: os=linux, arch=amd64, 找到 3 个组件
[2025-11-09 14:36:15] [INFO] 版本列表查询: os=linux, arch=amd64, 找到 3 个组件
[2025-11-09 14:37:15] [INFO] 版本列表查询: os=linux, arch=amd64, 找到 3 个组件
[2025-11-09 14:37:16] [INFO] 版本列表查询: os=linux, arch=amd64, 找到 3 个组件
[2025-11-09 14:38:15] [INFO] 版本列表查询: os=linux, arch=amd64, 找到 3 个组件
[2025-11-09 14:38:16] [INFO] 版本列表查询: os=linux, arch=amd64, 找到 3 个组件
[2025-11-09 14:39:15] [INFO] 版本列表查询: os=linux, arch=amd64, 找到 3 个组件
[2025-11-09 14:39:16] [INFO] 版本列表查询: os=linux, arch=amd64, 找到 3 个组件
[2025-11-09 14:39:47] [INFO] 版本列表查询: os=linux, arch=amd64, 找到 3 个组件
[2025-11-09 14:39:58] [INFO] 版本列表查询: os=linux, arch=amd64, 找到 3 个组件
[2025-11-09 14:40:15] [INFO] 版本列表查询: os=linux, arch=amd64, 找到 3 个组件
[2025-11-09 14:40:36] [INFO] 版本列表查询: os=linux, arch=amd64, 找到 3 个组件
[2025-11-09 14:41:12] [INFO] 版本列表查询: os=linux, arch=amd64, 找到 3 个组件
[2025-11-09 14:41:15] [INFO] 版本列表查询: os=linux, arch=amd64, 找到 3 个组件
[2025-11-09 14:41:32] [INFO] 版本列表查询: os=linux, arch=amd64, 找到 3 个组件
[2025-11-09 14:42:15] [INFO] 版本列表查询: os=linux, arch=amd64, 找到 3 个组件
[2025-11-09 14:42:32] [INFO] 版本列表查询: os=linux, arch=amd64, 找到 3 个组件
[2025-11-09 14:43:15] [INFO] 版本列表查询: os=linux, arch=amd64, 找到 3 个组件
[2025-11-09 14:43:32] [INFO] 版本列表查询: os=linux, arch=amd64, 找到 3 个组件
[2025-11-09 14:44:15] [INFO] 版本列表查询: os=linux, arch=amd64, 找到 3 个组件
[2025-11-09 14:44:32] [INFO] 版本列表查询: os=linux, arch=amd64, 找到 3 个组件
[2025-11-09 14:45:15] [INFO] 版本列表查询: os=linux, arch=amd64, 找到 3 个组件
[2025-11-09 14:45:16] [INFO] 版本列表查询: os=linux, arch=amd64, 找到 3 个组件
[2025-11-09 14:45:46] [INFO] 版本列表查询: os=linux, arch=amd64, 找到 3 个组件
[2025-11-09 14:45:49] [INFO] 版本列表查询: os=linux, arch=amd64, 找到 3 个组件
[2025-11-09 14:46:15] [INFO] 版本列表查询: os=linux, arch=amd64, 找到 3 个组件
[2025-11-09 14:46:47] [INFO] 版本列表查询: os=linux, arch=amd64, 找到 3 个组件
[2025-11-09 14:47:15] [INFO] 版本列表查询: os=linux, arch=amd64, 找到 3 个组件
[2025-11-09 14:47:47] [INFO] 版本列表查询: os=linux, arch=amd64, 找到 3 个组件
[2025-11-09 14:48:15] [INFO] 版本列表查询: os=linux, arch=amd64, 找到 3 个组件
[2025-11-09 14:48:47] [INFO] 版本列表查询: os=linux, arch=amd64, 找到 3 个组件
[2025-11-09 14:49:15] [INFO] 版本列表查询: os=linux, arch=amd64, 找到 3 个组件
[2025-11-09 14:50:15] [INFO] 版本列表查询: os=linux, arch=amd64, 找到 3 个组件
[2025-11-09 14:51:00] [INFO] 版本列表查询: os=linux, arch=amd64, 找到 3 个组件
[2025-11-09 14:51:04] [INFO] 版本列表查询: os=linux, arch=amd64, 找到 3 个组件
[2025-11-09 14:51:07] [INFO] 版本列表查询: os=linux, arch=amd64, 找到 3 个组件
[2025-11-09 14:51:15] [INFO] 版本列表查询: os=linux, arch=amd64, 找到 3 个组件
[2025-11-09 14:51:50] [INFO] 版本列表查询: os=linux, arch=amd64, 找到 3 个组件
[2025-11-09 14:52:06] [INFO] 版本列表查询: os=linux, arch=amd64, 找到 3 个组件
[2025-11-09 14:52:50] [INFO] 版本列表查询: os=linux, arch=amd64, 找到 3 个组件
[2025-11-09 14:53:06] [INFO] 版本列表查询: os=linux, arch=amd64, 找到 3 个组件
[2025-11-09 14:53:50] [INFO] 版本列表查询: os=linux, arch=amd64, 找到 3 个组件
[2025-11-09 14:54:06] [INFO] 版本列表查询: os=linux, arch=amd64, 找到 3 个组件
[2025-11-09 14:54:50] [INFO] 版本列表查询: os=linux, arch=amd64, 找到 3 个组件
[2025-11-09 14:55:07] [INFO] 版本列表查询: os=linux, arch=amd64, 找到 3 个组件
[2025-11-09 14:55:50] [INFO] 版本列表查询: os=linux, arch=amd64, 找到 3 个组件
[2025-11-09 14:56:07] [INFO] 版本列表查询: os=linux, arch=amd64, 找到 3 个组件
[2025-11-09 14:56:50] [INFO] 版本列表查询: os=linux, arch=amd64, 找到 3 个组件
[2025-11-09 14:57:08] [INFO] 版本列表查询: os=linux, arch=amd64, 找到 3 个组件
[2025-11-09 14:57:50] [INFO] 版本列表查询: os=linux, arch=amd64, 找到 3 个组件
[2025-11-09 14:58:50] [INFO] 版本列表查询: os=linux, arch=amd64, 找到 3 个组件
[2025-11-09 14:59:50] [INFO] 版本列表查询: os=linux, arch=amd64, 找到 3 个组件
[2025-11-09 15:00:50] [INFO] 版本列表查询: os=linux, arch=amd64, 找到 3 个组件
[2025-11-09 15:01:50] [INFO] 版本列表查询: os=linux, arch=amd64, 找到 3 个组件
[2025-11-09 15:02:50] [INFO] 版本列表查询: os=linux, arch=amd64, 找到 3 个组件
[2025-11-09 15:03:50] [INFO] 版本列表查询: os=linux, arch=amd64, 找到 3 个组件
[2025-11-09 15:04:50] [INFO] 版本列表查询: os=linux, arch=amd64, 找到 3 个组件
[2025-11-09 15:05:50] [INFO] 版本列表查询: os=linux, arch=amd64, 找到 3 个组件
[2025-11-09 15:07:50] [INFO] 版本列表查询: os=linux, arch=amd64, 找到 3 个组件
[2025-11-09 15:08:50] [INFO] 版本列表查询: os=linux, arch=amd64, 找到 3 个组件
[2025-11-09 15:09:50] [INFO] 版本列表查询: os=linux, arch=amd64, 找到 3 个组件
[2025-11-09 15:10:02] [INFO] 版本列表查询: os=linux, arch=amd64, 找到 3 个组件
[2025-11-09 15:10:12] [INFO] 版本列表查询: os=linux, arch=amd64, 找到 3 个组件
[2025-11-09 15:10:14] [INFO] 版本列表查询: os=linux, arch=amd64, 找到 3 个组件
[2025-11-09 15:10:50] [INFO] 版本列表查询: os=linux, arch=amd64, 找到 3 个组件
[2025-11-09 15:11:15] [INFO] 版本列表查询: os=linux, arch=amd64, 找到 3 个组件
[2025-11-09 15:11:50] [INFO] 版本列表查询: os=linux, arch=amd64, 找到 3 个组件
[2025-11-09 15:12:02] [INFO] 版本列表查询: os=linux, arch=amd64, 找到 3 个组件
[2025-11-09 15:12:15] [INFO] 版本列表查询: os=linux, arch=amd64, 找到 3 个组件
[2025-11-09 15:12:50] [INFO] 版本列表查询: os=linux, arch=amd64, 找到 3 个组件
[2025-11-09 15:13:15] [INFO] 版本列表查询: os=linux, arch=amd64, 找到 3 个组件
[2025-11-09 15:13:50] [INFO] 版本列表查询: os=linux, arch=amd64, 找到 3 个组件
[2025-11-09 15:14:15] [INFO] 版本列表查询: os=linux, arch=amd64, 找到 3 个组件
[2025-11-09 15:14:50] [INFO] 版本列表查询: os=linux, arch=amd64, 找到 3 个组件
[2025-11-09 15:15:50] [INFO] 版本列表查询: os=linux, arch=amd64, 找到 3 个组件
[2025-11-09 15:16:50] [INFO] 版本列表查询: os=linux, arch=amd64, 找到 3 个组件
[2025-11-09 15:17:36] [INFO] 版本列表查询: os=linux, arch=amd64, 找到 3 个组件
[2025-11-09 15:17:50] [INFO] 版本列表查询: os=linux, arch=amd64, 找到 3 个组件
[2025-11-09 15:18:35] [INFO] 版本列表查询: os=linux, arch=amd64, 找到 3 个组件
[2025-11-09 15:18:50] [INFO] 版本列表查询: os=linux, arch=amd64, 找到 3 个组件
[2025-11-09 15:19:06] [INFO] 版本列表查询: os=linux, arch=amd64, 找到 3 个组件
[2025-11-09 15:19:12] [INFO] 版本列表查询: os=linux, arch=amd64, 找到 3 个组件
[2025-11-09 15:19:50] [INFO] 版本列表查询: os=linux, arch=amd64, 找到 3 个组件
[2025-11-09 15:20:05] [INFO] 版本列表查询: os=linux, arch=amd64, 找到 3 个组件
[2025-11-09 15:20:21] [INFO] 版本列表查询: os=linux, arch=amd64, 找到 3 个组件
[2025-11-09 15:20:28] [INFO] 版本列表查询: os=linux, arch=amd64, 找到 3 个组件
[2025-11-09 15:20:50] [INFO] 版本列表查询: os=linux, arch=amd64, 找到 3 个组件
[2025-11-09 15:21:21] [INFO] 版本列表查询: os=linux, arch=amd64, 找到 3 个组件
[2025-11-09 15:21:28] [INFO] 版本列表查询: os=linux, arch=amd64, 找到 3 个组件
[2025-11-09 15:22:12] [INFO] 版本列表查询: os=linux, arch=amd64, 找到 3 个组件
[2025-11-09 15:22:21] [INFO] 版本列表查询: os=linux, arch=amd64, 找到 3 个组件
[2025-11-09 15:22:28] [INFO] 版本列表查询: os=linux, arch=amd64, 找到 3 个组件
[2025-11-09 15:23:21] [INFO] 版本列表查询: os=linux, arch=amd64, 找到 3 个组件
[2025-11-09 15:23:28] [INFO] 版本列表查询: os=linux, arch=amd64, 找到 3 个组件
[2025-11-09 15:24:21] [INFO] 版本列表查询: os=linux, arch=amd64, 找到 3 个组件
[2025-11-09 15:24:28] [INFO] 版本列表查询: os=linux, arch=amd64, 找到 3 个组件
[2025-11-09 15:25:21] [INFO] 版本列表查询: os=linux, arch=amd64, 找到 3 个组件
[2025-11-09 15:25:28] [INFO] 版本列表查询: os=linux, arch=amd64, 找到 3 个组件
[2025-11-09 15:26:21] [INFO] 版本列表查询: os=linux, arch=amd64, 找到 3 个组件
[2025-11-09 15:26:28] [INFO] 版本列表查询: os=linux, arch=amd64, 找到 3 个组件
[2025-11-09 15:27:21] [INFO] 版本列表查询: os=linux, arch=amd64, 找到 3 个组件
[2025-11-09 15:27:28] [INFO] 版本列表查询: os=linux, arch=amd64, 找到 3 个组件
[2025-11-09 15:28:21] [INFO] 版本列表查询: os=linux, arch=amd64, 找到 3 个组件
[2025-11-09 15:28:28] [INFO] 版本列表查询: os=linux, arch=amd64, 找到 3 个组件
[2025-11-09 15:29:21] [INFO] 版本列表查询: os=linux, arch=amd64, 找到 3 个组件
[2025-11-09 15:29:30] [INFO] 版本列表查询: os=linux, arch=amd64, 找到 3 个组件
[2025-11-09 15:30:21] [INFO] 版本列表查询: os=linux, arch=amd64, 找到 3 个组件
[2025-11-09 15:30:36] [INFO] 版本列表查询: os=linux, arch=amd64, 找到 3 个组件
[2025-11-09 15:31:21] [INFO] 版本列表查询: os=linux, arch=amd64, 找到 3 个组件
[2025-11-09 15:32:21] [INFO] 版本列表查询: os=linux, arch=amd64, 找到 3 个组件
[2025-11-09 15:32:36] [INFO] 版本列表查询: os=linux, arch=amd64, 找到 3 个组件
[2025-11-09 15:32:37] [INFO] 版本列表查询: os=linux, arch=amd64, 找到 3 个组件
[2025-11-09 15:32:49] [INFO] 版本列表查询: os=linux, arch=amd64, 找到 3 个组件
[2025-11-09 15:33:06] [INFO] 安装统计: IP=38.165.42.25, OS=linux, ARCH=amd64, VERSION=1.0.16
[2025-11-09 15:33:21] [INFO] 版本列表查询: os=linux, arch=amd64, 找到 3 个组件
[2025-11-09 15:33:27] [INFO] 版本列表查询: os=linux, arch=amd64, 找到 3 个组件
[2025-11-09 15:33:30] [INFO] 版本列表查询: os=linux, arch=amd64, 找到 3 个组件
[2025-11-09 15:34:21] [INFO] 版本列表查询: os=linux, arch=amd64, 找到 3 个组件
[2025-11-09 15:34:36] [INFO] 版本列表查询: os=linux, arch=amd64, 找到 3 个组件
[2025-11-09 15:35:21] [INFO] 版本列表查询: os=linux, arch=amd64, 找到 3 个组件
[2025-11-09 15:36:21] [INFO] 版本列表查询: os=linux, arch=amd64, 找到 3 个组件
[2025-11-09 15:36:36] [INFO] 版本列表查询: os=linux, arch=amd64, 找到 3 个组件
[2025-11-09 15:37:21] [INFO] 版本列表查询: os=linux, arch=amd64, 找到 3 个组件
[2025-11-09 15:37:36] [INFO] 版本列表查询: os=linux, arch=amd64, 找到 3 个组件
[2025-11-09 15:38:21] [INFO] 版本列表查询: os=linux, arch=amd64, 找到 3 个组件
[2025-11-09 15:38:36] [INFO] 版本列表查询: os=linux, arch=amd64, 找到 3 个组件
[2025-11-09 15:39:21] [INFO] 版本列表查询: os=linux, arch=amd64, 找到 3 个组件
[2025-11-09 15:40:21] [INFO] 版本列表查询: os=linux, arch=amd64, 找到 3 个组件
[2025-11-09 15:41:21] [INFO] 版本列表查询: os=linux, arch=amd64, 找到 3 个组件
[2025-11-09 15:42:21] [INFO] 版本列表查询: os=linux, arch=amd64, 找到 3 个组件
[2025-11-09 15:43:21] [INFO] 版本列表查询: os=linux, arch=amd64, 找到 3 个组件
[2025-11-09 15:44:21] [INFO] 版本列表查询: os=linux, arch=amd64, 找到 3 个组件
[2025-11-09 15:45:21] [INFO] 版本列表查询: os=linux, arch=amd64, 找到 3 个组件
[2025-11-09 15:46:21] [INFO] 版本列表查询: os=linux, arch=amd64, 找到 3 个组件
[2025-11-09 15:46:40] [INFO] 版本列表查询: os=linux, arch=amd64, 找到 3 个组件
[2025-11-09 15:47:17] [INFO] 版本列表查询: os=linux, arch=amd64, 找到 3 个组件
[2025-11-09 15:47:21] [INFO] 版本列表查询: os=linux, arch=amd64, 找到 3 个组件
[2025-11-09 15:48:13] [INFO] 版本列表查询: os=linux, arch=amd64, 找到 3 个组件
[2025-11-09 15:48:15] [INFO] 版本列表查询: os=linux, arch=amd64, 找到 3 个组件
[2025-11-09 15:48:21] [INFO] 版本列表查询: os=linux, arch=amd64, 找到 3 个组件
[2025-11-09 15:48:53] [INFO] 更新版本: ID=46, admin v1.1.2
[2025-11-09 15:49:16] [INFO] 版本列表查询: os=linux, arch=amd64, 找到 3 个组件
[2025-11-09 15:49:21] [INFO] 版本列表查询: os=linux, arch=amd64, 找到 3 个组件
[2025-11-09 15:49:49] [INFO] 版本列表查询: os=linux, arch=amd64, 找到 3 个组件
[2025-11-09 15:50:16] [INFO] 版本列表查询: os=linux, arch=amd64, 找到 3 个组件
[2025-11-09 15:50:21] [INFO] 版本列表查询: os=linux, arch=amd64, 找到 3 个组件
[2025-11-09 15:50:39] [INFO] 版本列表查询: os=linux, arch=amd64, 找到 3 个组件
[2025-11-09 15:51:16] [INFO] 版本列表查询: os=linux, arch=amd64, 找到 3 个组件
[2025-11-09 15:51:16] [INFO] 安装统计: IP=156.238.244.197, OS=linux, ARCH=amd64, VERSION=1.0.16
[2025-11-09 15:51:21] [INFO] 版本列表查询: os=linux, arch=amd64, 找到 3 个组件
[2025-11-09 15:52:16] [INFO] 版本列表查询: os=linux, arch=amd64, 找到 3 个组件
[2025-11-09 15:52:21] [INFO] 版本列表查询: os=linux, arch=amd64, 找到 3 个组件
[2025-11-09 15:53:17] [INFO] 版本列表查询: os=linux, arch=amd64, 找到 3 个组件
[2025-11-09 15:53:21] [INFO] 版本列表查询: os=linux, arch=amd64, 找到 3 个组件
[2025-11-09 15:54:21] [INFO] 版本列表查询: os=linux, arch=amd64, 找到 3 个组件
[2025-11-09 15:55:21] [INFO] 版本列表查询: os=linux, arch=amd64, 找到 3 个组件
[2025-11-09 15:56:21] [INFO] 版本列表查询: os=linux, arch=amd64, 找到 3 个组件
[2025-11-09 15:57:21] [INFO] 版本列表查询: os=linux, arch=amd64, 找到 3 个组件
[2025-11-09 15:58:21] [INFO] 版本列表查询: os=linux, arch=amd64, 找到 3 个组件
[2025-11-09 15:59:21] [INFO] 版本列表查询: os=linux, arch=amd64, 找到 3 个组件
[2025-11-09 16:00:21] [INFO] 版本列表查询: os=linux, arch=amd64, 找到 3 个组件
[2025-11-09 16:01:21] [INFO] 版本列表查询: os=linux, arch=amd64, 找到 3 个组件
[2025-11-09 16:02:21] [INFO] 版本列表查询: os=linux, arch=amd64, 找到 3 个组件
[2025-11-09 16:03:21] [INFO] 版本列表查询: os=linux, arch=amd64, 找到 3 个组件
[2025-11-09 16:04:21] [INFO] 版本列表查询: os=linux, arch=amd64, 找到 3 个组件
[2025-11-09 16:05:21] [INFO] 版本列表查询: os=linux, arch=amd64, 找到 3 个组件
[2025-11-09 16:06:21] [INFO] 版本列表查询: os=linux, arch=amd64, 找到 3 个组件
[2025-11-09 16:07:21] [INFO] 版本列表查询: os=linux, arch=amd64, 找到 3 个组件
[2025-11-09 16:08:21] [INFO] 版本列表查询: os=linux, arch=amd64, 找到 3 个组件
[2025-11-09 16:09:21] [INFO] 版本列表查询: os=linux, arch=amd64, 找到 3 个组件
[2025-11-09 16:10:21] [INFO] 版本列表查询: os=linux, arch=amd64, 找到 3 个组件
[2025-11-09 16:11:21] [INFO] 版本列表查询: os=linux, arch=amd64, 找到 3 个组件
[2025-11-09 16:12:21] [INFO] 版本列表查询: os=linux, arch=amd64, 找到 3 个组件
[2025-11-09 16:12:22] [INFO] 版本列表查询: os=linux, arch=amd64, 找到 3 个组件
[2025-11-09 16:12:28] [INFO] 版本列表查询: os=linux, arch=amd64, 找到 3 个组件
[2025-11-09 16:12:36] [INFO] 安装统计: IP=156.238.244.197, OS=linux, ARCH=amd64, VERSION=1.0.16
[2025-11-09 16:13:21] [INFO] 版本列表查询: os=linux, arch=amd64, 找到 3 个组件
[2025-11-09 16:14:21] [INFO] 版本列表查询: os=linux, arch=amd64, 找到 3 个组件
[2025-11-09 16:15:21] [INFO] 版本列表查询: os=linux, arch=amd64, 找到 3 个组件
[2025-11-09 16:16:21] [INFO] 版本列表查询: os=linux, arch=amd64, 找到 3 个组件
[2025-11-09 16:17:21] [INFO] 版本列表查询: os=linux, arch=amd64, 找到 3 个组件
[2025-11-09 16:18:21] [INFO] 版本列表查询: os=linux, arch=amd64, 找到 3 个组件
[2025-11-09 16:19:21] [INFO] 版本列表查询: os=linux, arch=amd64, 找到 3 个组件
[2025-11-09 16:20:21] [INFO] 版本列表查询: os=linux, arch=amd64, 找到 3 个组件
[2025-11-09 16:21:21] [INFO] 版本列表查询: os=linux, arch=amd64, 找到 3 个组件
[2025-11-09 16:22:21] [INFO] 版本列表查询: os=linux, arch=amd64, 找到 3 个组件
[2025-11-09 16:23:21] [INFO] 版本列表查询: os=linux, arch=amd64, 找到 3 个组件
[2025-11-09 16:24:21] [INFO] 版本列表查询: os=linux, arch=amd64, 找到 3 个组件
[2025-11-09 16:25:21] [INFO] 版本列表查询: os=linux, arch=amd64, 找到 3 个组件
[2025-11-09 16:26:21] [INFO] 版本列表查询: os=linux, arch=amd64, 找到 3 个组件
[2025-11-09 16:27:21] [INFO] 版本列表查询: os=linux, arch=amd64, 找到 3 个组件
[2025-11-09 16:28:21] [INFO] 版本列表查询: os=linux, arch=amd64, 找到 3 个组件
[2025-11-09 16:29:21] [INFO] 版本列表查询: os=linux, arch=amd64, 找到 3 个组件
[2025-11-09 16:30:21] [INFO] 版本列表查询: os=linux, arch=amd64, 找到 3 个组件
[2025-11-09 16:31:21] [INFO] 版本列表查询: os=linux, arch=amd64, 找到 3 个组件
[2025-11-09 16:32:21] [INFO] 版本列表查询: os=linux, arch=amd64, 找到 3 个组件
[2025-11-09 16:33:21] [INFO] 版本列表查询: os=linux, arch=amd64, 找到 3 个组件
[2025-11-09 16:34:21] [INFO] 版本列表查询: os=linux, arch=amd64, 找到 3 个组件
[2025-11-09 16:35:21] [INFO] 版本列表查询: os=linux, arch=amd64, 找到 3 个组件
[2025-11-09 16:36:21] [INFO] 版本列表查询: os=linux, arch=amd64, 找到 3 个组件
[2025-11-09 16:37:21] [INFO] 版本列表查询: os=linux, arch=amd64, 找到 3 个组件
[2025-11-09 16:38:21] [INFO] 版本列表查询: os=linux, arch=amd64, 找到 3 个组件
[2025-11-09 16:38:55] [INFO] 版本列表查询: os=linux, arch=amd64, 找到 3 个组件
[2025-11-09 16:39:58] [INFO] 版本列表查询: os=linux, arch=amd64, 找到 3 个组件
[2025-11-09 16:40:56] [INFO] 版本列表查询: os=linux, arch=amd64, 找到 3 个组件
[2025-11-09 16:41:56] [INFO] 版本列表查询: os=linux, arch=amd64, 找到 3 个组件
[2025-11-09 16:42:56] [INFO] 版本列表查询: os=linux, arch=amd64, 找到 3 个组件
[2025-11-09 16:43:56] [INFO] 版本列表查询: os=linux, arch=amd64, 找到 3 个组件
[2025-11-09 16:44:31] [INFO] 版本列表查询: os=linux, arch=amd64, 找到 3 个组件
[2025-11-09 16:44:47] [INFO] 版本列表查询: os=linux, arch=amd64, 找到 3 个组件
[2025-11-09 16:44:56] [INFO] 版本列表查询: os=linux, arch=amd64, 找到 3 个组件
[2025-11-09 16:44:57] [INFO] 版本列表查询: os=linux, arch=amd64, 找到 3 个组件
[2025-11-09 16:44:59] [INFO] 版本列表查询: os=linux, arch=amd64, 找到 3 个组件
[2025-11-09 16:45:56] [INFO] 版本列表查询: os=linux, arch=amd64, 找到 3 个组件
[2025-11-09 16:46:31] [INFO] 版本列表查询: os=linux, arch=amd64, 找到 3 个组件
[2025-11-09 16:46:32] [INFO] 版本列表查询: os=linux, arch=amd64, 找到 3 个组件
[2025-11-09 16:46:37] [INFO] 版本列表查询: os=linux, arch=amd64, 找到 3 个组件
[2025-11-09 16:46:56] [INFO] 版本列表查询: os=linux, arch=amd64, 找到 3 个组件
[2025-11-09 16:47:42] [INFO] 版本列表查询: os=linux, arch=amd64, 找到 3 个组件
[2025-11-09 16:48:44] [INFO] 版本列表查询: os=linux, arch=amd64, 找到 3 个组件
[2025-11-09 16:49:42] [INFO] 版本列表查询: os=linux, arch=amd64, 找到 3 个组件
[2025-11-09 16:50:42] [INFO] 版本列表查询: os=linux, arch=amd64, 找到 3 个组件
[2025-11-09 16:51:42] [INFO] 版本列表查询: os=linux, arch=amd64, 找到 3 个组件
[2025-11-09 16:52:42] [INFO] 版本列表查询: os=linux, arch=amd64, 找到 3 个组件
[2025-11-09 16:53:42] [INFO] 版本列表查询: os=linux, arch=amd64, 找到 3 个组件
[2025-11-09 16:54:42] [INFO] 版本列表查询: os=linux, arch=amd64, 找到 3 个组件
[2025-11-09 16:55:42] [INFO] 版本列表查询: os=linux, arch=amd64, 找到 3 个组件
[2025-11-09 16:56:42] [INFO] 版本列表查询: os=linux, arch=amd64, 找到 3 个组件
[2025-11-09 16:57:42] [INFO] 版本列表查询: os=linux, arch=amd64, 找到 3 个组件
[2025-11-09 16:58:42] [INFO] 版本列表查询: os=linux, arch=amd64, 找到 3 个组件
[2025-11-09 16:59:42] [INFO] 版本列表查询: os=linux, arch=amd64, 找到 3 个组件
[2025-11-09 17:00:42] [INFO] 版本列表查询: os=linux, arch=amd64, 找到 3 个组件
[2025-11-09 17:01:42] [INFO] 版本列表查询: os=linux, arch=amd64, 找到 3 个组件
[2025-11-09 17:02:42] [INFO] 版本列表查询: os=linux, arch=amd64, 找到 3 个组件
[2025-11-09 17:03:42] [INFO] 版本列表查询: os=linux, arch=amd64, 找到 3 个组件
[2025-11-09 17:04:42] [INFO] 版本列表查询: os=linux, arch=amd64, 找到 3 个组件
[2025-11-09 17:05:42] [INFO] 版本列表查询: os=linux, arch=amd64, 找到 3 个组件
[2025-11-09 17:06:42] [INFO] 版本列表查询: os=linux, arch=amd64, 找到 3 个组件
[2025-11-09 17:07:42] [INFO] 版本列表查询: os=linux, arch=amd64, 找到 3 个组件
[2025-11-09 17:08:42] [INFO] 版本列表查询: os=linux, arch=amd64, 找到 3 个组件
[2025-11-09 17:08:54] [INFO] 版本列表查询: os=linux, arch=amd64, 找到 3 个组件
[2025-11-09 17:09:43] [INFO] 版本列表查询: os=linux, arch=amd64, 找到 3 个组件
[2025-11-09 17:09:45] [INFO] 版本列表查询: os=linux, arch=amd64, 找到 3 个组件
[2025-11-09 17:10:43] [INFO] 版本列表查询: os=linux, arch=amd64, 找到 3 个组件
[2025-11-09 17:11:29] [INFO] 版本列表查询: os=linux, arch=amd64, 找到 3 个组件
[2025-11-09 17:11:42] [INFO] 版本列表查询: os=linux, arch=amd64, 找到 3 个组件
[2025-11-09 17:12:17] [INFO] 版本列表查询: os=linux, arch=amd64, 找到 3 个组件
[2025-11-09 17:12:42] [INFO] 版本列表查询: os=linux, arch=amd64, 找到 3 个组件
[2025-11-09 17:12:48] [INFO] 版本列表查询: os=linux, arch=amd64, 找到 3 个组件
[2025-11-09 17:13:38] [INFO] 版本列表查询: os=linux, arch=amd64, 找到 3 个组件
[2025-11-09 17:13:42] [INFO] 版本列表查询: os=linux, arch=amd64, 找到 3 个组件
[2025-11-09 17:14:38] [INFO] 版本列表查询: os=linux, arch=amd64, 找到 3 个组件
[2025-11-09 17:14:42] [INFO] 版本列表查询: os=linux, arch=amd64, 找到 3 个组件
[2025-11-09 17:15:42] [INFO] 版本列表查询: os=linux, arch=amd64, 找到 3 个组件
[2025-11-09 17:15:52] [INFO] 版本列表查询: os=linux, arch=amd64, 找到 3 个组件
[2025-11-09 17:16:42] [INFO] 版本列表查询: os=linux, arch=amd64, 找到 3 个组件
[2025-11-09 17:17:42] [INFO] 版本列表查询: os=linux, arch=amd64, 找到 3 个组件
[2025-11-09 17:18:42] [INFO] 版本列表查询: os=linux, arch=amd64, 找到 3 个组件
[2025-11-09 17:19:42] [INFO] 版本列表查询: os=linux, arch=amd64, 找到 3 个组件
[2025-11-09 17:20:13] [INFO] 版本列表查询: os=linux, arch=amd64, 找到 3 个组件
[2025-11-09 17:20:42] [INFO] 版本列表查询: os=linux, arch=amd64, 找到 3 个组件
[2025-11-09 17:21:42] [INFO] 版本列表查询: os=linux, arch=amd64, 找到 3 个组件
[2025-11-09 17:22:34] [INFO] 版本列表查询: os=linux, arch=amd64, 找到 3 个组件
[2025-11-09 17:22:42] [INFO] 版本列表查询: os=linux, arch=amd64, 找到 3 个组件
[2025-11-09 17:23:42] [INFO] 版本列表查询: os=linux, arch=amd64, 找到 3 个组件
[2025-11-09 17:24:42] [INFO] 版本列表查询: os=linux, arch=amd64, 找到 3 个组件
[2025-11-09 17:25:42] [INFO] 版本列表查询: os=linux, arch=amd64, 找到 3 个组件
[2025-11-09 17:26:42] [INFO] 版本列表查询: os=linux, arch=amd64, 找到 3 个组件
[2025-11-09 17:27:42] [INFO] 版本列表查询: os=linux, arch=amd64, 找到 3 个组件
[2025-11-09 17:28:42] [INFO] 版本列表查询: os=linux, arch=amd64, 找到 3 个组件
[2025-11-09 17:29:42] [INFO] 版本列表查询: os=linux, arch=amd64, 找到 3 个组件
[2025-11-09 17:30:42] [INFO] 版本列表查询: os=linux, arch=amd64, 找到 3 个组件
[2025-11-09 17:31:42] [INFO] 版本列表查询: os=linux, arch=amd64, 找到 3 个组件
[2025-11-09 17:32:42] [INFO] 版本列表查询: os=linux, arch=amd64, 找到 3 个组件
[2025-11-09 17:33:42] [INFO] 版本列表查询: os=linux, arch=amd64, 找到 3 个组件
[2025-11-09 17:34:42] [INFO] 版本列表查询: os=linux, arch=amd64, 找到 3 个组件
[2025-11-09 17:35:42] [INFO] 版本列表查询: os=linux, arch=amd64, 找到 3 个组件
[2025-11-09 17:36:42] [INFO] 版本列表查询: os=linux, arch=amd64, 找到 3 个组件
[2025-11-09 17:37:42] [INFO] 版本列表查询: os=linux, arch=amd64, 找到 3 个组件
[2025-11-09 17:38:42] [INFO] 版本列表查询: os=linux, arch=amd64, 找到 3 个组件
[2025-11-09 17:39:42] [INFO] 版本列表查询: os=linux, arch=amd64, 找到 3 个组件
[2025-11-09 17:40:42] [INFO] 版本列表查询: os=linux, arch=amd64, 找到 3 个组件
[2025-11-09 17:41:42] [INFO] 版本列表查询: os=linux, arch=amd64, 找到 3 个组件
[2025-11-09 17:42:15] [INFO] 版本列表查询: os=linux, arch=amd64, 找到 3 个组件
[2025-11-09 17:42:18] [INFO] 版本列表查询: os=linux, arch=amd64, 找到 3 个组件
[2025-11-09 17:42:25] [INFO] 版本列表查询: os=linux, arch=amd64, 找到 3 个组件
[2025-11-09 17:42:40] [INFO] 版本列表查询: os=linux, arch=amd64, 找到 3 个组件
[2025-11-09 17:42:42] [INFO] 版本列表查询: os=linux, arch=amd64, 找到 3 个组件
[2025-11-09 17:43:07] [INFO] 版本列表查询: os=linux, arch=amd64, 找到 3 个组件
[2025-11-09 17:43:42] [INFO] 版本列表查询: os=linux, arch=amd64, 找到 3 个组件
[2025-11-09 17:44:42] [INFO] 版本列表查询: os=linux, arch=amd64, 找到 3 个组件
[2025-11-09 17:45:10] [INFO] 版本列表查询: os=linux, arch=amd64, 找到 3 个组件
[2025-11-09 17:45:46] [INFO] 版本列表查询: os=linux, arch=amd64, 找到 3 个组件
[2025-11-09 17:45:48] [INFO] 版本列表查询: os=linux, arch=amd64, 找到 3 个组件
[2025-11-09 17:45:52] [INFO] 版本列表查询: os=linux, arch=amd64, 找到 3 个组件
[2025-11-09 17:46:10] [INFO] 版本列表查询: os=linux, arch=amd64, 找到 3 个组件
[2025-11-09 17:47:10] [INFO] 版本列表查询: os=linux, arch=amd64, 找到 3 个组件
[2025-11-09 17:48:10] [INFO] 版本列表查询: os=linux, arch=amd64, 找到 3 个组件
[2025-11-09 17:49:10] [INFO] 版本列表查询: os=linux, arch=amd64, 找到 3 个组件
[2025-11-09 17:50:10] [INFO] 版本列表查询: os=linux, arch=amd64, 找到 3 个组件
[2025-11-09 17:50:28] [INFO] 版本列表查询: os=linux, arch=amd64, 找到 3 个组件
[2025-11-09 17:51:10] [INFO] 版本列表查询: os=linux, arch=amd64, 找到 3 个组件
[2025-11-09 17:52:10] [INFO] 版本列表查询: os=linux, arch=amd64, 找到 3 个组件
[2025-11-09 17:53:10] [INFO] 版本列表查询: os=linux, arch=amd64, 找到 3 个组件
[2025-11-09 17:54:10] [INFO] 版本列表查询: os=linux, arch=amd64, 找到 3 个组件
[2025-11-09 17:55:10] [INFO] 版本列表查询: os=linux, arch=amd64, 找到 3 个组件
[2025-11-09 17:56:10] [INFO] 版本列表查询: os=linux, arch=amd64, 找到 3 个组件
[2025-11-09 17:56:17] [INFO] 版本列表查询: os=linux, arch=amd64, 找到 3 个组件
[2025-11-09 17:57:10] [INFO] 版本列表查询: os=linux, arch=amd64, 找到 3 个组件
[2025-11-09 17:58:10] [INFO] 版本列表查询: os=linux, arch=amd64, 找到 3 个组件
[2025-11-09 17:59:10] [INFO] 版本列表查询: os=linux, arch=amd64, 找到 3 个组件
[2025-11-09 18:00:10] [INFO] 版本列表查询: os=linux, arch=amd64, 找到 3 个组件
[2025-11-09 18:01:10] [INFO] 版本列表查询: os=linux, arch=amd64, 找到 3 个组件
[2025-11-09 18:02:10] [INFO] 版本列表查询: os=linux, arch=amd64, 找到 3 个组件
[2025-11-09 18:03:10] [INFO] 版本列表查询: os=linux, arch=amd64, 找到 3 个组件
[2025-11-09 18:04:10] [INFO] 版本列表查询: os=linux, arch=amd64, 找到 3 个组件
[2025-11-09 18:05:10] [INFO] 版本列表查询: os=linux, arch=amd64, 找到 3 个组件
[2025-11-09 18:06:10] [INFO] 版本列表查询: os=linux, arch=amd64, 找到 3 个组件
[2025-11-09 18:07:10] [INFO] 版本列表查询: os=linux, arch=amd64, 找到 3 个组件
[2025-11-09 18:08:10] [INFO] 版本列表查询: os=linux, arch=amd64, 找到 3 个组件
[2025-11-09 18:09:10] [INFO] 版本列表查询: os=linux, arch=amd64, 找到 3 个组件
[2025-11-09 18:10:10] [INFO] 版本列表查询: os=linux, arch=amd64, 找到 3 个组件
[2025-11-09 18:11:10] [INFO] 版本列表查询: os=linux, arch=amd64, 找到 3 个组件
[2025-11-09 18:12:10] [INFO] 版本列表查询: os=linux, arch=amd64, 找到 3 个组件
[2025-11-09 18:13:10] [INFO] 版本列表查询: os=linux, arch=amd64, 找到 3 个组件
[2025-11-09 18:14:10] [INFO] 版本列表查询: os=linux, arch=amd64, 找到 3 个组件
[2025-11-09 18:15:10] [INFO] 版本列表查询: os=linux, arch=amd64, 找到 3 个组件
[2025-11-09 18:16:10] [INFO] 版本列表查询: os=linux, arch=amd64, 找到 3 个组件
[2025-11-09 18:17:10] [INFO] 版本列表查询: os=linux, arch=amd64, 找到 3 个组件
[2025-11-09 18:18:10] [INFO] 版本列表查询: os=linux, arch=amd64, 找到 3 个组件
[2025-11-09 18:19:10] [INFO] 版本列表查询: os=linux, arch=amd64, 找到 3 个组件
[2025-11-09 18:20:10] [INFO] 版本列表查询: os=linux, arch=amd64, 找到 3 个组件
[2025-11-09 18:21:10] [INFO] 版本列表查询: os=linux, arch=amd64, 找到 3 个组件
[2025-11-09 18:22:10] [INFO] 版本列表查询: os=linux, arch=amd64, 找到 3 个组件
[2025-11-09 18:23:10] [INFO] 版本列表查询: os=linux, arch=amd64, 找到 3 个组件
[2025-11-09 18:24:10] [INFO] 版本列表查询: os=linux, arch=amd64, 找到 3 个组件
[2025-11-09 18:25:10] [INFO] 版本列表查询: os=linux, arch=amd64, 找到 3 个组件
[2025-11-09 18:26:10] [INFO] 版本列表查询: os=linux, arch=amd64, 找到 3 个组件
[2025-11-09 18:27:10] [INFO] 版本列表查询: os=linux, arch=amd64, 找到 3 个组件
[2025-11-09 18:28:10] [INFO] 版本列表查询: os=linux, arch=amd64, 找到 3 个组件
[2025-11-09 18:29:10] [INFO] 版本列表查询: os=linux, arch=amd64, 找到 3 个组件
[2025-11-09 18:30:10] [INFO] 版本列表查询: os=linux, arch=amd64, 找到 3 个组件
[2025-11-09 18:31:10] [INFO] 版本列表查询: os=linux, arch=amd64, 找到 3 个组件
[2025-11-09 18:32:10] [INFO] 版本列表查询: os=linux, arch=amd64, 找到 3 个组件
[2025-11-09 18:33:10] [INFO] 版本列表查询: os=linux, arch=amd64, 找到 3 个组件
[2025-11-09 18:34:10] [INFO] 版本列表查询: os=linux, arch=amd64, 找到 3 个组件
[2025-11-09 18:35:10] [INFO] 版本列表查询: os=linux, arch=amd64, 找到 3 个组件
[2025-11-09 18:36:10] [INFO] 版本列表查询: os=linux, arch=amd64, 找到 3 个组件
[2025-11-09 18:37:10] [INFO] 版本列表查询: os=linux, arch=amd64, 找到 3 个组件
[2025-11-09 18:38:10] [INFO] 版本列表查询: os=linux, arch=amd64, 找到 3 个组件
[2025-11-09 18:39:10] [INFO] 版本列表查询: os=linux, arch=amd64, 找到 3 个组件
[2025-11-09 18:40:10] [INFO] 版本列表查询: os=linux, arch=amd64, 找到 3 个组件
[2025-11-09 18:41:10] [INFO] 版本列表查询: os=linux, arch=amd64, 找到 3 个组件
[2025-11-09 18:42:10] [INFO] 版本列表查询: os=linux, arch=amd64, 找到 3 个组件
[2025-11-09 18:43:10] [INFO] 版本列表查询: os=linux, arch=amd64, 找到 3 个组件
[2025-11-09 18:44:10] [INFO] 版本列表查询: os=linux, arch=amd64, 找到 3 个组件
[2025-11-09 18:45:10] [INFO] 版本列表查询: os=linux, arch=amd64, 找到 3 个组件
[2025-11-09 18:46:10] [INFO] 版本列表查询: os=linux, arch=amd64, 找到 3 个组件
[2025-11-09 18:47:10] [INFO] 版本列表查询: os=linux, arch=amd64, 找到 3 个组件
[2025-11-09 18:48:10] [INFO] 版本列表查询: os=linux, arch=amd64, 找到 3 个组件
[2025-11-09 18:49:10] [INFO] 版本列表查询: os=linux, arch=amd64, 找到 3 个组件
[2025-11-09 18:50:10] [INFO] 版本列表查询: os=linux, arch=amd64, 找到 3 个组件
[2025-11-09 18:51:10] [INFO] 版本列表查询: os=linux, arch=amd64, 找到 3 个组件
[2025-11-09 18:52:10] [INFO] 版本列表查询: os=linux, arch=amd64, 找到 3 个组件
[2025-11-09 18:53:10] [INFO] 版本列表查询: os=linux, arch=amd64, 找到 3 个组件
[2025-11-09 18:54:10] [INFO] 版本列表查询: os=linux, arch=amd64, 找到 3 个组件
[2025-11-09 18:55:10] [INFO] 版本列表查询: os=linux, arch=amd64, 找到 3 个组件
[2025-11-09 18:56:10] [INFO] 版本列表查询: os=linux, arch=amd64, 找到 3 个组件
[2025-11-09 18:57:10] [INFO] 版本列表查询: os=linux, arch=amd64, 找到 3 个组件
[2025-11-09 18:58:10] [INFO] 版本列表查询: os=linux, arch=amd64, 找到 3 个组件
[2025-11-09 18:59:10] [INFO] 版本列表查询: os=linux, arch=amd64, 找到 3 个组件
[2025-11-09 19:00:10] [INFO] 版本列表查询: os=linux, arch=amd64, 找到 3 个组件
[2025-11-09 19:01:10] [INFO] 版本列表查询: os=linux, arch=amd64, 找到 3 个组件
[2025-11-09 19:03:10] [INFO] 版本列表查询: os=linux, arch=amd64, 找到 3 个组件
[2025-11-09 19:04:10] [INFO] 版本列表查询: os=linux, arch=amd64, 找到 3 个组件
[2025-11-09 19:05:10] [INFO] 版本列表查询: os=linux, arch=amd64, 找到 3 个组件
[2025-11-09 19:06:10] [INFO] 版本列表查询: os=linux, arch=amd64, 找到 3 个组件
[2025-11-09 19:07:10] [INFO] 版本列表查询: os=linux, arch=amd64, 找到 3 个组件
[2025-11-09 19:08:10] [INFO] 版本列表查询: os=linux, arch=amd64, 找到 3 个组件
[2025-11-09 19:10:10] [INFO] 版本列表查询: os=linux, arch=amd64, 找到 3 个组件
[2025-11-09 19:11:10] [INFO] 版本列表查询: os=linux, arch=amd64, 找到 3 个组件
[2025-11-09 19:12:10] [INFO] 版本列表查询: os=linux, arch=amd64, 找到 3 个组件
[2025-11-09 19:13:13] [INFO] 版本列表查询: os=linux, arch=amd64, 找到 3 个组件
[2025-11-09 19:15:10] [INFO] 版本列表查询: os=linux, arch=amd64, 找到 3 个组件
[2025-11-09 19:16:10] [INFO] 版本列表查询: os=linux, arch=amd64, 找到 3 个组件
[2025-11-09 19:17:11] [INFO] 版本列表查询: os=linux, arch=amd64, 找到 3 个组件
[2025-11-09 19:18:10] [INFO] 版本列表查询: os=linux, arch=amd64, 找到 3 个组件
[2025-11-09 19:19:10] [INFO] 版本列表查询: os=linux, arch=amd64, 找到 3 个组件
[2025-11-09 19:20:10] [INFO] 版本列表查询: os=linux, arch=amd64, 找到 3 个组件
[2025-11-09 19:21:10] [INFO] 版本列表查询: os=linux, arch=amd64, 找到 3 个组件
[2025-11-09 19:22:10] [INFO] 版本列表查询: os=linux, arch=amd64, 找到 3 个组件
[2025-11-09 19:23:10] [INFO] 版本列表查询: os=linux, arch=amd64, 找到 3 个组件
[2025-11-09 19:24:10] [INFO] 版本列表查询: os=linux, arch=amd64, 找到 3 个组件
[2025-11-09 19:25:10] [INFO] 版本列表查询: os=linux, arch=amd64, 找到 3 个组件
[2025-11-09 19:26:10] [INFO] 版本列表查询: os=linux, arch=amd64, 找到 3 个组件
[2025-11-09 19:27:10] [INFO] 版本列表查询: os=linux, arch=amd64, 找到 3 个组件
[2025-11-09 19:28:10] [INFO] 版本列表查询: os=linux, arch=amd64, 找到 3 个组件
[2025-11-09 19:29:10] [INFO] 版本列表查询: os=linux, arch=amd64, 找到 3 个组件
[2025-11-09 19:30:10] [INFO] 版本列表查询: os=linux, arch=amd64, 找到 3 个组件
[2025-11-09 19:31:10] [INFO] 版本列表查询: os=linux, arch=amd64, 找到 3 个组件
[2025-11-09 19:32:10] [INFO] 版本列表查询: os=linux, arch=amd64, 找到 3 个组件
[2025-11-09 19:33:10] [INFO] 版本列表查询: os=linux, arch=amd64, 找到 3 个组件
[2025-11-09 19:34:10] [INFO] 版本列表查询: os=linux, arch=amd64, 找到 3 个组件
[2025-11-09 19:35:10] [INFO] 版本列表查询: os=linux, arch=amd64, 找到 3 个组件
[2025-11-09 19:36:10] [INFO] 版本列表查询: os=linux, arch=amd64, 找到 3 个组件
[2025-11-09 19:37:10] [INFO] 版本列表查询: os=linux, arch=amd64, 找到 3 个组件
[2025-11-09 19:38:10] [INFO] 版本列表查询: os=linux, arch=amd64, 找到 3 个组件
[2025-11-09 19:39:10] [INFO] 版本列表查询: os=linux, arch=amd64, 找到 3 个组件
[2025-11-09 19:40:10] [INFO] 版本列表查询: os=linux, arch=amd64, 找到 3 个组件
[2025-11-09 19:41:10] [INFO] 版本列表查询: os=linux, arch=amd64, 找到 3 个组件
[2025-11-09 19:42:10] [INFO] 版本列表查询: os=linux, arch=amd64, 找到 3 个组件
[2025-11-09 19:43:10] [INFO] 版本列表查询: os=linux, arch=amd64, 找到 3 个组件
[2025-11-09 19:44:10] [INFO] 版本列表查询: os=linux, arch=amd64, 找到 3 个组件
[2025-11-09 19:45:10] [INFO] 版本列表查询: os=linux, arch=amd64, 找到 3 个组件
[2025-11-09 19:46:10] [INFO] 版本列表查询: os=linux, arch=amd64, 找到 3 个组件
[2025-11-09 19:47:10] [INFO] 版本列表查询: os=linux, arch=amd64, 找到 3 个组件
[2025-11-09 19:48:10] [INFO] 版本列表查询: os=linux, arch=amd64, 找到 3 个组件
[2025-11-09 19:49:10] [INFO] 版本列表查询: os=linux, arch=amd64, 找到 3 个组件
[2025-11-09 19:50:10] [INFO] 版本列表查询: os=linux, arch=amd64, 找到 3 个组件
[2025-11-09 19:51:10] [INFO] 版本列表查询: os=linux, arch=amd64, 找到 3 个组件
[2025-11-09 19:52:10] [INFO] 版本列表查询: os=linux, arch=amd64, 找到 3 个组件
[2025-11-09 19:53:10] [INFO] 版本列表查询: os=linux, arch=amd64, 找到 3 个组件
[2025-11-09 19:54:10] [INFO] 版本列表查询: os=linux, arch=amd64, 找到 3 个组件
[2025-11-09 19:55:10] [INFO] 版本列表查询: os=linux, arch=amd64, 找到 3 个组件
[2025-11-09 19:56:10] [INFO] 版本列表查询: os=linux, arch=amd64, 找到 3 个组件
[2025-11-09 19:57:10] [INFO] 版本列表查询: os=linux, arch=amd64, 找到 3 个组件
[2025-11-09 19:58:10] [INFO] 版本列表查询: os=linux, arch=amd64, 找到 3 个组件
[2025-11-09 19:59:10] [INFO] 版本列表查询: os=linux, arch=amd64, 找到 3 个组件
[2025-11-09 20:00:10] [INFO] 版本列表查询: os=linux, arch=amd64, 找到 3 个组件
[2025-11-09 20:01:10] [INFO] 版本列表查询: os=linux, arch=amd64, 找到 3 个组件
[2025-11-09 20:02:10] [INFO] 版本列表查询: os=linux, arch=amd64, 找到 3 个组件
[2025-11-09 20:03:10] [INFO] 版本列表查询: os=linux, arch=amd64, 找到 3 个组件
[2025-11-09 20:04:10] [INFO] 版本列表查询: os=linux, arch=amd64, 找到 3 个组件
[2025-11-09 20:05:10] [INFO] 版本列表查询: os=linux, arch=amd64, 找到 3 个组件
[2025-11-09 20:06:10] [INFO] 版本列表查询: os=linux, arch=amd64, 找到 3 个组件
[2025-11-09 20:07:10] [INFO] 版本列表查询: os=linux, arch=amd64, 找到 3 个组件
[2025-11-09 20:08:10] [INFO] 版本列表查询: os=linux, arch=amd64, 找到 3 个组件
[2025-11-09 20:09:10] [INFO] 版本列表查询: os=linux, arch=amd64, 找到 3 个组件
[2025-11-09 20:10:10] [INFO] 版本列表查询: os=linux, arch=amd64, 找到 3 个组件
[2025-11-09 20:11:10] [INFO] 版本列表查询: os=linux, arch=amd64, 找到 3 个组件
[2025-11-09 20:12:10] [INFO] 版本列表查询: os=linux, arch=amd64, 找到 3 个组件
[2025-11-09 20:13:10] [INFO] 版本列表查询: os=linux, arch=amd64, 找到 3 个组件
[2025-11-09 20:14:10] [INFO] 版本列表查询: os=linux, arch=amd64, 找到 3 个组件
[2025-11-09 20:15:10] [INFO] 版本列表查询: os=linux, arch=amd64, 找到 3 个组件
[2025-11-09 20:16:10] [INFO] 版本列表查询: os=linux, arch=amd64, 找到 3 个组件
[2025-11-09 20:17:10] [INFO] 版本列表查询: os=linux, arch=amd64, 找到 3 个组件
[2025-11-09 20:18:10] [INFO] 版本列表查询: os=linux, arch=amd64, 找到 3 个组件
[2025-11-09 20:19:10] [INFO] 版本列表查询: os=linux, arch=amd64, 找到 3 个组件
[2025-11-09 20:20:10] [INFO] 版本列表查询: os=linux, arch=amd64, 找到 3 个组件
[2025-11-09 20:21:10] [INFO] 版本列表查询: os=linux, arch=amd64, 找到 3 个组件
[2025-11-09 20:22:10] [INFO] 版本列表查询: os=linux, arch=amd64, 找到 3 个组件
[2025-11-09 20:23:10] [INFO] 版本列表查询: os=linux, arch=amd64, 找到 3 个组件
[2025-11-09 20:24:10] [INFO] 版本列表查询: os=linux, arch=amd64, 找到 3 个组件
[2025-11-09 20:25:10] [INFO] 版本列表查询: os=linux, arch=amd64, 找到 3 个组件
[2025-11-09 20:26:10] [INFO] 版本列表查询: os=linux, arch=amd64, 找到 3 个组件
[2025-11-09 20:27:10] [INFO] 版本列表查询: os=linux, arch=amd64, 找到 3 个组件
[2025-11-09 20:28:10] [INFO] 版本列表查询: os=linux, arch=amd64, 找到 3 个组件
[2025-11-09 20:29:10] [INFO] 版本列表查询: os=linux, arch=amd64, 找到 3 个组件
[2025-11-09 20:30:10] [INFO] 版本列表查询: os=linux, arch=amd64, 找到 3 个组件
[2025-11-09 20:31:10] [INFO] 版本列表查询: os=linux, arch=amd64, 找到 3 个组件
[2025-11-09 20:32:10] [INFO] 版本列表查询: os=linux, arch=amd64, 找到 3 个组件
[2025-11-09 20:33:10] [INFO] 版本列表查询: os=linux, arch=amd64, 找到 3 个组件
[2025-11-09 20:34:10] [INFO] 版本列表查询: os=linux, arch=amd64, 找到 3 个组件
[2025-11-09 20:35:10] [INFO] 版本列表查询: os=linux, arch=amd64, 找到 3 个组件
[2025-11-09 20:36:10] [INFO] 版本列表查询: os=linux, arch=amd64, 找到 3 个组件
[2025-11-09 20:37:10] [INFO] 版本列表查询: os=linux, arch=amd64, 找到 3 个组件
[2025-11-09 20:38:10] [INFO] 版本列表查询: os=linux, arch=amd64, 找到 3 个组件
[2025-11-09 20:39:10] [INFO] 版本列表查询: os=linux, arch=amd64, 找到 3 个组件
[2025-11-09 20:40:10] [INFO] 版本列表查询: os=linux, arch=amd64, 找到 3 个组件
[2025-11-09 20:41:10] [INFO] 版本列表查询: os=linux, arch=amd64, 找到 3 个组件
[2025-11-09 20:42:10] [INFO] 版本列表查询: os=linux, arch=amd64, 找到 3 个组件
[2025-11-09 20:43:10] [INFO] 版本列表查询: os=linux, arch=amd64, 找到 3 个组件
[2025-11-09 20:44:10] [INFO] 版本列表查询: os=linux, arch=amd64, 找到 3 个组件
[2025-11-09 20:45:10] [INFO] 版本列表查询: os=linux, arch=amd64, 找到 3 个组件
[2025-11-09 20:46:10] [INFO] 版本列表查询: os=linux, arch=amd64, 找到 3 个组件
[2025-11-09 20:47:10] [INFO] 版本列表查询: os=linux, arch=amd64, 找到 3 个组件
[2025-11-09 20:48:10] [INFO] 版本列表查询: os=linux, arch=amd64, 找到 3 个组件
[2025-11-09 20:49:10] [INFO] 版本列表查询: os=linux, arch=amd64, 找到 3 个组件
[2025-11-09 20:50:10] [INFO] 版本列表查询: os=linux, arch=amd64, 找到 3 个组件
[2025-11-09 20:51:10] [INFO] 版本列表查询: os=linux, arch=amd64, 找到 3 个组件
[2025-11-09 20:52:10] [INFO] 版本列表查询: os=linux, arch=amd64, 找到 3 个组件
[2025-11-09 20:53:10] [INFO] 版本列表查询: os=linux, arch=amd64, 找到 3 个组件
[2025-11-09 20:54:10] [INFO] 版本列表查询: os=linux, arch=amd64, 找到 3 个组件
[2025-11-09 20:55:10] [INFO] 版本列表查询: os=linux, arch=amd64, 找到 3 个组件
[2025-11-09 20:56:10] [INFO] 版本列表查询: os=linux, arch=amd64, 找到 3 个组件
[2025-11-09 20:57:10] [INFO] 版本列表查询: os=linux, arch=amd64, 找到 3 个组件
[2025-11-09 20:58:10] [INFO] 版本列表查询: os=linux, arch=amd64, 找到 3 个组件
[2025-11-09 20:59:10] [INFO] 版本列表查询: os=linux, arch=amd64, 找到 3 个组件
[2025-11-09 21:00:10] [INFO] 版本列表查询: os=linux, arch=amd64, 找到 3 个组件
[2025-11-09 21:01:10] [INFO] 版本列表查询: os=linux, arch=amd64, 找到 3 个组件
[2025-11-09 21:02:10] [INFO] 版本列表查询: os=linux, arch=amd64, 找到 3 个组件
[2025-11-09 21:03:10] [INFO] 版本列表查询: os=linux, arch=amd64, 找到 3 个组件
[2025-11-09 21:04:10] [INFO] 版本列表查询: os=linux, arch=amd64, 找到 3 个组件
[2025-11-09 21:05:10] [INFO] 版本列表查询: os=linux, arch=amd64, 找到 3 个组件
[2025-11-09 21:06:10] [INFO] 版本列表查询: os=linux, arch=amd64, 找到 3 个组件
[2025-11-09 21:07:10] [INFO] 版本列表查询: os=linux, arch=amd64, 找到 3 个组件
[2025-11-09 21:08:10] [INFO] 版本列表查询: os=linux, arch=amd64, 找到 3 个组件
[2025-11-09 21:09:10] [INFO] 版本列表查询: os=linux, arch=amd64, 找到 3 个组件
[2025-11-09 21:10:10] [INFO] 版本列表查询: os=linux, arch=amd64, 找到 3 个组件
[2025-11-09 21:11:10] [INFO] 版本列表查询: os=linux, arch=amd64, 找到 3 个组件
[2025-11-09 21:12:10] [INFO] 版本列表查询: os=linux, arch=amd64, 找到 3 个组件
[2025-11-09 21:13:10] [INFO] 版本列表查询: os=linux, arch=amd64, 找到 3 个组件
[2025-11-09 21:14:10] [INFO] 版本列表查询: os=linux, arch=amd64, 找到 3 个组件
[2025-11-09 21:15:10] [INFO] 版本列表查询: os=linux, arch=amd64, 找到 3 个组件
[2025-11-09 21:16:10] [INFO] 版本列表查询: os=linux, arch=amd64, 找到 3 个组件
[2025-11-09 21:17:10] [INFO] 版本列表查询: os=linux, arch=amd64, 找到 3 个组件
[2025-11-09 21:18:10] [INFO] 版本列表查询: os=linux, arch=amd64, 找到 3 个组件
[2025-11-09 21:19:10] [INFO] 版本列表查询: os=linux, arch=amd64, 找到 3 个组件
[2025-11-09 21:20:10] [INFO] 版本列表查询: os=linux, arch=amd64, 找到 3 个组件
[2025-11-09 21:21:10] [INFO] 版本列表查询: os=linux, arch=amd64, 找到 3 个组件
[2025-11-09 21:22:10] [INFO] 版本列表查询: os=linux, arch=amd64, 找到 3 个组件
[2025-11-09 21:23:10] [INFO] 版本列表查询: os=linux, arch=amd64, 找到 3 个组件
[2025-11-09 21:24:10] [INFO] 版本列表查询: os=linux, arch=amd64, 找到 3 个组件
[2025-11-09 21:25:10] [INFO] 版本列表查询: os=linux, arch=amd64, 找到 3 个组件
[2025-11-09 21:26:10] [INFO] 版本列表查询: os=linux, arch=amd64, 找到 3 个组件
[2025-11-09 21:27:10] [INFO] 版本列表查询: os=linux, arch=amd64, 找到 3 个组件
[2025-11-09 21:28:10] [INFO] 版本列表查询: os=linux, arch=amd64, 找到 3 个组件
[2025-11-09 21:29:10] [INFO] 版本列表查询: os=linux, arch=amd64, 找到 3 个组件
[2025-11-09 21:30:10] [INFO] 版本列表查询: os=linux, arch=amd64, 找到 3 个组件
[2025-11-09 21:31:10] [INFO] 版本列表查询: os=linux, arch=amd64, 找到 3 个组件
[2025-11-09 21:32:10] [INFO] 版本列表查询: os=linux, arch=amd64, 找到 3 个组件
[2025-11-09 21:33:10] [INFO] 版本列表查询: os=linux, arch=amd64, 找到 3 个组件
[2025-11-09 21:34:10] [INFO] 版本列表查询: os=linux, arch=amd64, 找到 3 个组件
[2025-11-09 21:35:10] [INFO] 版本列表查询: os=linux, arch=amd64, 找到 3 个组件
[2025-11-09 21:36:10] [INFO] 版本列表查询: os=linux, arch=amd64, 找到 3 个组件
[2025-11-09 21:37:10] [INFO] 版本列表查询: os=linux, arch=amd64, 找到 3 个组件
[2025-11-09 21:38:10] [INFO] 版本列表查询: os=linux, arch=amd64, 找到 3 个组件
[2025-11-09 21:39:10] [INFO] 版本列表查询: os=linux, arch=amd64, 找到 3 个组件
[2025-11-09 21:40:10] [INFO] 版本列表查询: os=linux, arch=amd64, 找到 3 个组件
[2025-11-09 21:41:10] [INFO] 版本列表查询: os=linux, arch=amd64, 找到 3 个组件
[2025-11-09 21:42:10] [INFO] 版本列表查询: os=linux, arch=amd64, 找到 3 个组件
[2025-11-09 21:43:10] [INFO] 版本列表查询: os=linux, arch=amd64, 找到 3 个组件
[2025-11-09 21:44:10] [INFO] 版本列表查询: os=linux, arch=amd64, 找到 3 个组件
[2025-11-09 21:45:10] [INFO] 版本列表查询: os=linux, arch=amd64, 找到 3 个组件
[2025-11-09 21:46:10] [INFO] 版本列表查询: os=linux, arch=amd64, 找到 3 个组件
[2025-11-09 21:47:10] [INFO] 版本列表查询: os=linux, arch=amd64, 找到 3 个组件
[2025-11-09 21:48:10] [INFO] 版本列表查询: os=linux, arch=amd64, 找到 3 个组件
[2025-11-09 21:49:10] [INFO] 版本列表查询: os=linux, arch=amd64, 找到 3 个组件
[2025-11-09 21:50:10] [INFO] 版本列表查询: os=linux, arch=amd64, 找到 3 个组件
[2025-11-09 21:51:10] [INFO] 版本列表查询: os=linux, arch=amd64, 找到 3 个组件
[2025-11-09 21:52:10] [INFO] 版本列表查询: os=linux, arch=amd64, 找到 3 个组件
[2025-11-09 21:53:10] [INFO] 版本列表查询: os=linux, arch=amd64, 找到 3 个组件
[2025-11-09 21:54:10] [INFO] 版本列表查询: os=linux, arch=amd64, 找到 3 个组件
[2025-11-09 21:55:10] [INFO] 版本列表查询: os=linux, arch=amd64, 找到 3 个组件
[2025-11-09 21:56:10] [INFO] 版本列表查询: os=linux, arch=amd64, 找到 3 个组件
[2025-11-09 21:57:10] [INFO] 版本列表查询: os=linux, arch=amd64, 找到 3 个组件
[2025-11-09 21:58:10] [INFO] 版本列表查询: os=linux, arch=amd64, 找到 3 个组件
[2025-11-09 21:59:10] [INFO] 版本列表查询: os=linux, arch=amd64, 找到 3 个组件
[2025-11-09 22:00:10] [INFO] 版本列表查询: os=linux, arch=amd64, 找到 3 个组件
[2025-11-09 22:01:10] [INFO] 版本列表查询: os=linux, arch=amd64, 找到 3 个组件
[2025-11-09 22:02:10] [INFO] 版本列表查询: os=linux, arch=amd64, 找到 3 个组件
[2025-11-09 22:03:10] [INFO] 版本列表查询: os=linux, arch=amd64, 找到 3 个组件
[2025-11-09 22:04:10] [INFO] 版本列表查询: os=linux, arch=amd64, 找到 3 个组件
[2025-11-09 22:05:10] [INFO] 版本列表查询: os=linux, arch=amd64, 找到 3 个组件
[2025-11-09 22:06:10] [INFO] 版本列表查询: os=linux, arch=amd64, 找到 3 个组件
[2025-11-09 22:07:10] [INFO] 版本列表查询: os=linux, arch=amd64, 找到 3 个组件
[2025-11-09 22:08:10] [INFO] 版本列表查询: os=linux, arch=amd64, 找到 3 个组件
[2025-11-09 22:09:10] [INFO] 版本列表查询: os=linux, arch=amd64, 找到 3 个组件
[2025-11-09 22:10:10] [INFO] 版本列表查询: os=linux, arch=amd64, 找到 3 个组件
[2025-11-09 22:11:10] [INFO] 版本列表查询: os=linux, arch=amd64, 找到 3 个组件
[2025-11-09 22:12:10] [INFO] 版本列表查询: os=linux, arch=amd64, 找到 3 个组件
[2025-11-09 22:13:10] [INFO] 版本列表查询: os=linux, arch=amd64, 找到 3 个组件
[2025-11-09 22:14:10] [INFO] 版本列表查询: os=linux, arch=amd64, 找到 3 个组件
[2025-11-09 22:15:10] [INFO] 版本列表查询: os=linux, arch=amd64, 找到 3 个组件
[2025-11-09 22:16:10] [INFO] 版本列表查询: os=linux, arch=amd64, 找到 3 个组件
[2025-11-09 22:17:10] [INFO] 版本列表查询: os=linux, arch=amd64, 找到 3 个组件
[2025-11-09 22:18:10] [INFO] 版本列表查询: os=linux, arch=amd64, 找到 3 个组件
[2025-11-09 22:19:10] [INFO] 版本列表查询: os=linux, arch=amd64, 找到 3 个组件
[2025-11-09 22:20:10] [INFO] 版本列表查询: os=linux, arch=amd64, 找到 3 个组件
[2025-11-09 22:21:10] [INFO] 版本列表查询: os=linux, arch=amd64, 找到 3 个组件
[2025-11-09 22:22:10] [INFO] 版本列表查询: os=linux, arch=amd64, 找到 3 个组件
[2025-11-09 22:23:13] [INFO] 版本列表查询: os=linux, arch=amd64, 找到 3 个组件
[2025-11-09 22:24:10] [INFO] 版本列表查询: os=linux, arch=amd64, 找到 3 个组件
[2025-11-09 22:25:10] [INFO] 版本列表查询: os=linux, arch=amd64, 找到 3 个组件
[2025-11-09 22:27:10] [INFO] 版本列表查询: os=linux, arch=amd64, 找到 3 个组件
[2025-11-09 22:28:12] [INFO] 版本列表查询: os=linux, arch=amd64, 找到 3 个组件
[2025-11-09 22:29:10] [INFO] 版本列表查询: os=linux, arch=amd64, 找到 3 个组件
[2025-11-09 22:30:10] [INFO] 版本列表查询: os=linux, arch=amd64, 找到 3 个组件
[2025-11-09 22:31:10] [INFO] 版本列表查询: os=linux, arch=amd64, 找到 3 个组件
[2025-11-09 22:32:10] [INFO] 版本列表查询: os=linux, arch=amd64, 找到 3 个组件
[2025-11-09 22:33:10] [INFO] 版本列表查询: os=linux, arch=amd64, 找到 3 个组件
[2025-11-09 22:34:10] [INFO] 版本列表查询: os=linux, arch=amd64, 找到 3 个组件
[2025-11-09 22:35:10] [INFO] 版本列表查询: os=linux, arch=amd64, 找到 3 个组件
[2025-11-09 22:36:10] [INFO] 版本列表查询: os=linux, arch=amd64, 找到 3 个组件
[2025-11-09 22:37:10] [INFO] 版本列表查询: os=linux, arch=amd64, 找到 3 个组件
[2025-11-09 22:38:10] [INFO] 版本列表查询: os=linux, arch=amd64, 找到 3 个组件
[2025-11-09 22:39:10] [INFO] 版本列表查询: os=linux, arch=amd64, 找到 3 个组件
[2025-11-09 22:40:10] [INFO] 版本列表查询: os=linux, arch=amd64, 找到 3 个组件
[2025-11-09 22:41:10] [INFO] 版本列表查询: os=linux, arch=amd64, 找到 3 个组件
[2025-11-09 22:42:10] [INFO] 版本列表查询: os=linux, arch=amd64, 找到 3 个组件
[2025-11-09 22:43:10] [INFO] 版本列表查询: os=linux, arch=amd64, 找到 3 个组件
[2025-11-09 22:44:10] [INFO] 版本列表查询: os=linux, arch=amd64, 找到 3 个组件
[2025-11-09 22:45:10] [INFO] 版本列表查询: os=linux, arch=amd64, 找到 3 个组件
[2025-11-09 22:46:10] [INFO] 版本列表查询: os=linux, arch=amd64, 找到 3 个组件
[2025-11-09 22:47:10] [INFO] 版本列表查询: os=linux, arch=amd64, 找到 3 个组件
[2025-11-09 22:48:10] [INFO] 版本列表查询: os=linux, arch=amd64, 找到 3 个组件
[2025-11-09 22:49:10] [INFO] 版本列表查询: os=linux, arch=amd64, 找到 3 个组件
[2025-11-09 22:50:10] [INFO] 版本列表查询: os=linux, arch=amd64, 找到 3 个组件
[2025-11-09 22:51:10] [INFO] 版本列表查询: os=linux, arch=amd64, 找到 3 个组件
[2025-11-09 22:52:10] [INFO] 版本列表查询: os=linux, arch=amd64, 找到 3 个组件
[2025-11-09 22:53:10] [INFO] 版本列表查询: os=linux, arch=amd64, 找到 3 个组件
[2025-11-09 22:54:10] [INFO] 版本列表查询: os=linux, arch=amd64, 找到 3 个组件
[2025-11-09 22:55:10] [INFO] 版本列表查询: os=linux, arch=amd64, 找到 3 个组件
[2025-11-09 22:56:10] [INFO] 版本列表查询: os=linux, arch=amd64, 找到 3 个组件
[2025-11-09 22:57:10] [INFO] 版本列表查询: os=linux, arch=amd64, 找到 3 个组件
[2025-11-09 22:58:10] [INFO] 版本列表查询: os=linux, arch=amd64, 找到 3 个组件
[2025-11-09 22:59:10] [INFO] 版本列表查询: os=linux, arch=amd64, 找到 3 个组件
[2025-11-09 23:00:10] [INFO] 版本列表查询: os=linux, arch=amd64, 找到 3 个组件
[2025-11-09 23:01:10] [INFO] 版本列表查询: os=linux, arch=amd64, 找到 3 个组件
[2025-11-09 23:02:10] [INFO] 版本列表查询: os=linux, arch=amd64, 找到 3 个组件
[2025-11-09 23:03:10] [INFO] 版本列表查询: os=linux, arch=amd64, 找到 3 个组件
[2025-11-09 23:04:10] [INFO] 版本列表查询: os=linux, arch=amd64, 找到 3 个组件
[2025-11-09 23:05:10] [INFO] 版本列表查询: os=linux, arch=amd64, 找到 3 个组件
[2025-11-09 23:06:06] [INFO] 版本列表查询: os=linux, arch=amd64, 找到 3 个组件
[2025-11-09 23:06:10] [INFO] 版本列表查询: os=linux, arch=amd64, 找到 3 个组件
[2025-11-09 23:07:10] [INFO] 版本列表查询: os=linux, arch=amd64, 找到 3 个组件
[2025-11-09 23:08:10] [INFO] 版本列表查询: os=linux, arch=amd64, 找到 3 个组件
[2025-11-09 23:08:57] [INFO] 版本列表查询: os=linux, arch=amd64, 找到 3 个组件
[2025-11-09 23:09:15] [INFO] 版本列表查询: os=linux, arch=amd64, 找到 3 个组件
[2025-11-09 23:10:15] [INFO] 版本列表查询: os=linux, arch=amd64, 找到 3 个组件
[2025-11-09 23:11:15] [INFO] 版本列表查询: os=linux, arch=amd64, 找到 3 个组件
[2025-11-09 23:12:15] [INFO] 版本列表查询: os=linux, arch=amd64, 找到 3 个组件
[2025-11-09 23:13:13] [INFO] 版本列表查询: os=linux, arch=amd64, 找到 3 个组件
[2025-11-09 23:13:15] [INFO] 版本列表查询: os=linux, arch=amd64, 找到 3 个组件
[2025-11-09 23:14:15] [INFO] 版本列表查询: os=linux, arch=amd64, 找到 3 个组件
[2025-11-09 23:15:15] [INFO] 版本列表查询: os=linux, arch=amd64, 找到 3 个组件
[2025-11-09 23:16:05] [INFO] 版本列表查询: os=linux, arch=amd64, 找到 3 个组件
[2025-11-09 23:17:06] [INFO] 版本列表查询: os=linux, arch=amd64, 找到 3 个组件
[2025-11-09 23:17:32] [INFO] 版本列表查询: os=linux, arch=amd64, 找到 3 个组件
[2025-11-09 23:17:32] [INFO] 版本列表查询: os=linux, arch=amd64, 找到 3 个组件
[2025-11-09 23:18:05] [INFO] 版本列表查询: os=linux, arch=amd64, 找到 3 个组件
[2025-11-09 23:18:58] [INFO] 版本列表查询: os=linux, arch=amd64, 找到 3 个组件
[2025-11-09 23:19:59] [INFO] 版本列表查询: os=linux, arch=amd64, 找到 3 个组件
[2025-11-09 23:20:59] [INFO] 版本列表查询: os=linux, arch=amd64, 找到 3 个组件
[2025-11-09 23:21:59] [INFO] 版本列表查询: os=linux, arch=amd64, 找到 3 个组件
[2025-11-09 23:22:48] [INFO] 版本列表查询: os=linux, arch=amd64, 找到 3 个组件
[2025-11-09 23:23:49] [INFO] 版本列表查询: os=linux, arch=amd64, 找到 3 个组件
[2025-11-09 23:24:48] [INFO] 版本列表查询: os=linux, arch=amd64, 找到 3 个组件
[2025-11-09 23:25:33] [INFO] 版本列表查询: os=linux, arch=amd64, 找到 3 个组件
[2025-11-09 23:26:34] [INFO] 版本列表查询: os=linux, arch=amd64, 找到 3 个组件
[2025-11-09 23:27:38] [INFO] 版本列表查询: os=linux, arch=amd64, 找到 3 个组件
[2025-11-09 23:28:34] [INFO] 版本列表查询: os=linux, arch=amd64, 找到 3 个组件
[2025-11-09 23:28:36] [INFO] 版本列表查询: os=linux, arch=amd64, 找到 3 个组件
[2025-11-09 23:29:37] [INFO] 版本列表查询: os=linux, arch=amd64, 找到 3 个组件
[2025-11-09 23:30:06] [INFO] 切换许可证状态ID: 14
[2025-11-09 23:30:37] [INFO] 版本列表查询: os=linux, arch=amd64, 找到 3 个组件
[2025-11-09 23:31:37] [INFO] 版本列表查询: os=linux, arch=amd64, 找到 3 个组件
[2025-11-09 23:32:37] [INFO] 版本列表查询: os=linux, arch=amd64, 找到 3 个组件
[2025-11-09 23:33:37] [INFO] 版本列表查询: os=linux, arch=amd64, 找到 3 个组件
[2025-11-09 23:34:34] [INFO] 版本列表查询: os=linux, arch=amd64, 找到 3 个组件
[2025-11-09 23:35:34] [INFO] 版本列表查询: os=linux, arch=amd64, 找到 3 个组件
[2025-11-09 23:36:34] [INFO] 版本列表查询: os=linux, arch=amd64, 找到 3 个组件
[2025-11-09 23:37:34] [INFO] 版本列表查询: os=linux, arch=amd64, 找到 3 个组件
[2025-11-09 23:38:34] [INFO] 版本列表查询: os=linux, arch=amd64, 找到 3 个组件
[2025-11-09 23:39:34] [INFO] 版本列表查询: os=linux, arch=amd64, 找到 3 个组件
[2025-11-09 23:40:34] [INFO] 版本列表查询: os=linux, arch=amd64, 找到 3 个组件
[2025-11-09 23:41:34] [INFO] 版本列表查询: os=linux, arch=amd64, 找到 3 个组件
[2025-11-09 23:42:34] [INFO] 版本列表查询: os=linux, arch=amd64, 找到 3 个组件
[2025-11-09 23:43:34] [INFO] 版本列表查询: os=linux, arch=amd64, 找到 3 个组件
[2025-11-09 23:44:34] [INFO] 版本列表查询: os=linux, arch=amd64, 找到 3 个组件
[2025-11-09 23:45:34] [INFO] 版本列表查询: os=linux, arch=amd64, 找到 3 个组件
[2025-11-09 23:46:34] [INFO] 版本列表查询: os=linux, arch=amd64, 找到 3 个组件
[2025-11-09 23:47:34] [INFO] 版本列表查询: os=linux, arch=amd64, 找到 3 个组件
[2025-11-09 23:48:34] [INFO] 版本列表查询: os=linux, arch=amd64, 找到 3 个组件
[2025-11-09 23:49:34] [INFO] 版本列表查询: os=linux, arch=amd64, 找到 3 个组件
[2025-11-09 23:50:34] [INFO] 版本列表查询: os=linux, arch=amd64, 找到 3 个组件
[2025-11-09 23:51:28] [INFO] 版本列表查询: os=linux, arch=amd64, 找到 3 个组件
[2025-11-09 23:52:29] [INFO] 版本列表查询: os=linux, arch=amd64, 找到 3 个组件
[2025-11-09 23:53:28] [INFO] 版本列表查询: os=linux, arch=amd64, 找到 3 个组件
[2025-11-09 23:54:28] [INFO] 版本列表查询: os=linux, arch=amd64, 找到 3 个组件
[2025-11-09 23:55:28] [INFO] 版本列表查询: os=linux, arch=amd64, 找到 3 个组件
[2025-11-09 23:56:28] [INFO] 版本列表查询: os=linux, arch=amd64, 找到 3 个组件
[2025-11-09 23:56:54] [INFO] 版本列表查询: os=linux, arch=amd64, 找到 3 个组件
[2025-11-09 23:57:54] [INFO] 版本列表查询: os=linux, arch=amd64, 找到 3 个组件
[2025-11-09 23:58:54] [INFO] 版本列表查询: os=linux, arch=amd64, 找到 3 个组件
[2025-11-09 23:59:54] [INFO] 版本列表查询: os=linux, arch=amd64, 找到 3 个组件
